99.09.06 23:36 A E:\public_html\dogtown\people\boman.html --> www.webster.edu /usr/home/corbetre/public_html/dogtown/people boman.html
99.09.06 23:36 A E:\public_html\dogtown\people\emmerich.html --> www.webster.edu /usr/home/corbetre/public_html/dogtown/people emmerich.html
99.09.06 23:36 A E:\public_html\dogtown\people\gioia.html --> www.webster.edu /usr/home/corbetre/public_html/dogtown/people gioia.html
99.09.09 10:36 A E:\public_html\dogtown\people\gramps.html --> www.webster.edu /usr/home/corbetre/public_html/dogtown/people gramps.html
99.09.10 22:12 A E:\public_html\dogtown\people\lopez.html --> www.webster.edu /usr/home/corbetre/public_html/dogtown/people lopez.html
99.09.12 14:30 A E:\public_html\dogtown\people\moser.html --> www.webster.edu /usr/home/corbetre/public_html/dogtown/people moser.html
99.09.18 15:40 A E:\public_html\dogtown\people\bellamy.html --> www.webster.edu /usr/home/corbetre/public_html/dogtown/people bellamy.html
99.11.21 21:25 A E:\public_html\dogtown\people\moser.html --> www.webster.edu /usr/home/corbetre/public_html/dogtown/people moser.html
99.12.01 12:36 A E:\public_html\dogtown\people\gramps.html --> www.webster.edu /usr/home/corbetre/public_html/dogtown/people gramps.html
99.12.26 13:24 A E:\public_html\dogtown\people\vorbeck.html --> www.webster.edu /usr/home/corbetre/public_html/dogtown/people vorbeck.html
100.01.16 19:22 A E:\public_html\dogtown\people\gramps.html --> www.webster.edu /usr/home/corbetre/public_html/dogtown/people gramps.html
100.08.20 00:31 A D:\A WEB SITE\dogtown\people\emmerich.html --> www.webster.edu /usr/home/corbetre/public_html/dogtown/people emmerich.html
100.11.25 17:31 A D:\A WEB SITE\dogtown\people\donnelly.html --> www.webster.edu /usr/home/corbetre/public_html/dogtown/people donnelly.html
100.11.25 17:34 A D:\A WEB SITE\dogtown\people\donnelly.html --> www.webster.edu /usr/home/corbetre/public_html/dogtown/people donnelly.html
100.11.25 21:01 A D:\A WEB SITE\dogtown\people\donnelly.html --> www.webster.edu /usr/home/corbetre/public_html/dogtown/people donnelly.html
101.05.21 18:35 A D:\A WEB SITE\dogtown\people\emmerich.html --> www.webster.edu /usr/home/corbetre/public_html/dogtown/people emmerich.html
101.05.25 07:52 B D:\A WEB SITE\dogtown\people\emmerich.html --> www.webster.edu /usr/home/corbetre/public_html/dogtown/people emmerich.html
101.06.05 20:25 A D:\A WEB SITE\dogtown\people\emmerich.html --> www.webster.edu /usr/home/corbetre/public_html/dogtown/people emmerich.html
101.08.22 12:25 A D:\A WEB SITE\dogtown\people\gramps.html --> www.webster.edu /usr/home/corbetre/public_html/dogtown/people gramps.html
101.08.22 12:28 A D:\A WEB SITE\dogtown\people\leisure-55.html --> www.webster.edu /usr/home/corbetre/public_html/dogtown/people leisure-55.html
101.08.28 08:26 A D:\A WEB SITE\dogtown\people\leisure-55.html --> www.webster.edu /usr/home/corbetre/public_html/dogtown/people leisure-55.html
101.12.30 10:49 A D:\A WEB SITE\dogtown\people\gramps.html --> www.webster.edu /usr/home/corbetre/public_html/dogtown/people gramps.html
