101.06.03 15:01 A D:\A WEB SITE\dogtown\list\1920s.html --> www.webster.edu /usr/home/corbetre/public_html/dogtown/list 1920s.html
101.06.03 15:02 A D:\A WEB SITE\dogtown\list\e-list.html --> www.webster.edu /usr/home/corbetre/public_html/dogtown/list e-list.html
101.06.03 18:46 A D:\A WEB SITE\dogtown\list\1920s.html --> www.webster.edu /usr/home/corbetre 1920s.html
101.06.03 18:46 A D:\A WEB SITE\dogtown\list\1920s.html --> www.webster.edu /usr/home/corbetre/public_html/dogtown/list 1920s.html
101.06.04 17:00 A D:\A WEB SITE\dogtown\list\e-list.html --> www.webster.edu /usr/home/corbetre/public_html/dogtown/list e-list.html
101.06.04 17:00 A D:\A WEB SITE\dogtown\list\sports-1.html --> www.webster.edu /usr/home/corbetre/public_html/dogtown/list sports-1.html
101.11.03 21:16 A D:\A WEB SITE\dogtown\list\e-list.html --> www.webster.edu /usr/home/corbetre/public_html/dogtown/list e-list.html
101.11.03 21:16 A D:\A WEB SITE\dogtown\list\toys-games.html --> www.webster.edu /usr/home/corbetre/public_html/dogtown/list toys-games.html
101.11.04 21:55 A D:\A WEB SITE\dogtown\list\e-list.html --> www.webster.edu /usr/home/corbetre/public_html/dogtown/list e-list.html
101.11.04 21:55 A D:\A WEB SITE\dogtown\list\lent.html --> www.webster.edu /usr/home/corbetre/public_html/dogtown/list lent.html
101.12.05 19:10 A D:\A WEB SITE\dogtown\list\e-list.html --> www.webster.edu /usr/home/corbetre/public_html/dogtown/list e-list.html
101.12.05 19:11 A D:\A WEB SITE\dogtown\list\bars.html --> www.webster.edu /usr/home/corbetre/public_html/dogtown/list bars.html
101.12.06 22:31 A D:\A WEB SITE\dogtown\list\bar-stories.html --> www.webster.edu /usr/home/corbetre/public_html/dogtown/list bar-stories.html
101.12.06 22:31 A D:\A WEB SITE\dogtown\list\bars.html --> www.webster.edu /usr/home/corbetre/public_html/dogtown/list bars.html
101.12.06 22:31 A D:\A WEB SITE\dogtown\list\bottle.html --> www.webster.edu /usr/home/corbetre/public_html/dogtown/list bottle.html
101.12.06 22:31 A D:\A WEB SITE\dogtown\list\pilot.html --> www.webster.edu /usr/home/corbetre/public_html/dogtown/list pilot.html
101.12.06 22:32 A D:\A WEB SITE\dogtown\list\shea's.html --> www.webster.edu /usr/home/corbetre/public_html/dogtown/list shea's.html
101.12.06 22:32 A D:\A WEB SITE\dogtown\list\white-house.html --> www.webster.edu /usr/home/corbetre/public_html/dogtown/list white-house.html
101.12.06 23:01 A D:\A WEB SITE\dogtown\list\confectionaries.html --> www.webster.edu /usr/home/corbetre/public_html/dogtown/list confectionaries.html
101.12.06 23:01 A D:\A WEB SITE\dogtown\list\e-list.html --> www.webster.edu /usr/home/corbetre/public_html/dogtown/list e-list.html
101.12.06 23:04 A D:\A WEB SITE\dogtown\list\e-list.html --> www.webster.edu /usr/home/corbetre/public_html/dogtown/list e-list.html
101.12.07 09:51 A D:\A WEB SITE\dogtown\list\bars.html --> www.webster.edu /usr/home/corbetre/public_html/dogtown/list bars.html
101.12.07 09:51 A D:\A WEB SITE\dogtown\list\confectionaries.html --> www.webster.edu /usr/home/corbetre/public_html/dogtown/list confectionaries.html
101.12.09 13:43 A D:\A WEB SITE\dogtown\list\bottle.html --> www.webster.edu /usr/home/corbetre/public_html/dogtown/list bottle.html
101.12.09 13:43 A D:\A WEB SITE\dogtown\list\shea's.html --> www.webster.edu /usr/home/corbetre/public_html/dogtown/list shea's.html
101.12.09 15:40 A D:\A WEB SITE\dogtown\list\bar-stories.html --> www.webster.edu /usr/home/corbetre/public_html/dogtown/list bar-stories.html
101.12.09 15:40 A D:\A WEB SITE\dogtown\list\bars.html --> www.webster.edu /usr/home/corbetre/public_html/dogtown/list bars.html
101.12.09 15:40 A D:\A WEB SITE\dogtown\list\white-house.html --> www.webster.edu /usr/home/corbetre/public_html/dogtown/list white-house.html
101.12.09 16:09 A D:\A WEB SITE\dogtown\list\bar-stories.html --> www.webster.edu /usr/home/corbetre/public_html/dogtown/list bar-stories.html
101.12.09 16:09 A D:\A WEB SITE\dogtown\list\shea's.html --> www.webster.edu /usr/home/corbetre/public_html/dogtown/list shea's.html
101.12.09 16:09 A D:\A WEB SITE\dogtown\list\white-house.html --> www.webster.edu /usr/home/corbetre/public_html/dogtown/list white-house.html
101.12.09 22:13 A D:\A WEB SITE\dogtown\list\bar-stories.html --> www.webster.edu /usr/home/corbetre/public_html/dogtown/list bar-stories.html
101.12.09 22:13 A D:\A WEB SITE\dogtown\list\bottle.html --> www.webster.edu /usr/home/corbetre/public_html/dogtown/list bottle.html
101.12.09 22:13 A D:\A WEB SITE\dogtown\list\confec-stories.html --> www.webster.edu /usr/home/corbetre/public_html/dogtown/list confec-stories.html
101.12.09 22:13 A D:\A WEB SITE\dogtown\list\confectionaries.html --> www.webster.edu /usr/home/corbetre/public_html/dogtown/list confectionaries.html
101.12.09 22:13 A D:\A WEB SITE\dogtown\list\newroth.html --> www.webster.edu /usr/home/corbetre/public_html/dogtown/list newroth.html
101.12.09 22:13 A D:\A WEB SITE\dogtown\list\pilot.html --> www.webster.edu /usr/home/corbetre/public_html/dogtown/list pilot.html
101.12.09 22:13 A D:\A WEB SITE\dogtown\list\shea's.html --> www.webster.edu /usr/home/corbetre/public_html/dogtown/list shea's.html
101.12.09 22:13 A D:\A WEB SITE\dogtown\list\white-house.html --> www.webster.edu /usr/home/corbetre/public_html/dogtown/list white-house.html
101.12.10 09:31 A D:\A WEB SITE\dogtown\list\newroth.html --> www.webster.edu /usr/home/corbetre/public_html/dogtown/list newroth.html
101.12.10 09:32 A D:\A WEB SITE\dogtown\list\shea's.html --> www.webster.edu /usr/home/corbetre/public_html/dogtown/list shea's.html
101.12.11 08:28 A D:\A WEB SITE\dogtown\list\confec-stories.html --> www.webster.edu /usr/home/corbetre/public_html/dogtown/list confec-stories.html
101.12.11 08:28 A D:\A WEB SITE\dogtown\list\confectionaries.html --> www.webster.edu /usr/home/corbetre/public_html/dogtown/list confectionaries.html
101.12.11 08:28 A D:\A WEB SITE\dogtown\list\lynn.html --> www.webster.edu /usr/home/corbetre/public_html/dogtown/list lynn.html
