99.10.04 20:49 A E:\public_html\dogtown\history\wayman.html --> www.webster.edu /usr/home/corbetre/public_html/dogtown/history wayman.html
100.01.13 14:27 A E:\public_html\dogtown\history\mines.html --> www.webster.edu /usr/home/corbetre/public_html/dogtown mines.html
100.01.13 14:33 A E:\public_html\dogtown\history\mines.html --> www.webster.edu /usr/home/corbetre/public_html/dogtown/history mines.html
100.01.13 16:51 A E:\public_html\dogtown\history\mines.html --> www.webster.edu /usr/home/corbetre/public_html/dogtown/history mines.html
100.05.11 18:19 A E:\public_html\dogtown\history\1900-census.html --> www.webster.edu /usr/home/corbetre/public_html/dogtown/history 1900-census.html
100.05.13 20:20 A E:\public_html\dogtown\history\1900-address.html --> www.webster.edu /usr/home/corbetre/public_html/dogtown/history 1900-address.html
100.05.13 20:20 A E:\public_html\dogtown\history\1900-lastname.html --> www.webster.edu /usr/home/corbetre/public_html/dogtown/history 1900-lastname.html
100.05.15 17:59 A E:\public_html\dogtown\history\1900-address.html --> www.webster.edu /usr/home/corbetre/public_html/dogtown/history 1900-address.html
100.05.15 17:59 A E:\public_html\dogtown\history\1900-lastname.html --> www.webster.edu /usr/home/corbetre/public_html/dogtown/history 1900-lastname.html
100.05.15 17:59 A E:\public_html\dogtown\history\1900-overview.html --> www.webster.edu /usr/home/corbetre/public_html/dogtown/history 1900-overview.html
100.05.28 15:31 A E:\public_html\dogtown\history\1900-address.html --> www.webster.edu /usr/home/corbetre/public_html/dogtown/history 1900-address.html
100.05.28 15:32 A E:\public_html\dogtown\history\1900-lastname.html --> www.webster.edu /usr/home/corbetre/public_html/dogtown/history 1900-lastname.html
100.05.28 15:32 A E:\public_html\dogtown\history\1900-overview.html --> www.webster.edu /usr/home/corbetre/public_html/dogtown/history 1900-overview.html
100.06.08 15:31 A E:\public_html\dogtown\history\1900-lastname.html --> www.webster.edu /usr/home/corbetre/public_html/dogtown/history 1900-lastname.html
100.06.12 22:24 A D:\A WEB SITE\dogtown\history\factories.html --> www.webster.edu /usr/home/corbetre/public_html/dogtown/history factories.html
100.06.12 22:24 A D:\A WEB SITE\dogtown\history\1900-address1.html --> www.webster.edu /usr/home/corbetre/public_html/dogtown/history 1900-address1.html
100.06.12 22:25 A D:\A WEB SITE\dogtown\history\1900-address2.html --> www.webster.edu /usr/home/corbetre/public_html/dogtown/history 1900-address2.html
100.06.12 22:25 A D:\A WEB SITE\dogtown\history\1900-address3.html --> www.webster.edu /usr/home/corbetre/public_html/dogtown/history 1900-address3.html
100.06.12 22:26 A D:\A WEB SITE\dogtown\history\1900-lastname1.html --> www.webster.edu /usr/home/corbetre/public_html/dogtown/history 1900-lastname1.html
100.06.12 22:26 A D:\A WEB SITE\dogtown\history\1900-lastname2.html --> www.webster.edu /usr/home/corbetre/public_html/dogtown/history 1900-lastname2.html
100.06.12 22:26 A D:\A WEB SITE\dogtown\history\1900-lastname3.html --> www.webster.edu /usr/home/corbetre/public_html/dogtown/history 1900-lastname3.html
100.06.12 22:26 A D:\A WEB SITE\dogtown\history\1900-overview.html --> www.webster.edu /usr/home/corbetre/public_html/dogtown/history 1900-overview.html
100.06.13 07:30 A D:\A WEB SITE\dogtown\history\1900-overview.html --> www.webster.edu /usr/home/corbetre/public_html/dogtown/history 1900-overview.html
100.06.14 19:06 A D:\A WEB SITE\dogtown\history\1900-address1.html --> www.webster.edu /usr/home/corbetre/public_html/dogtown/history 1900-address1.html
100.06.14 19:06 A D:\A WEB SITE\dogtown\history\1900-address2.html --> www.webster.edu /usr/home/corbetre/public_html/dogtown/history 1900-address2.html
100.06.14 19:07 A D:\A WEB SITE\dogtown\history\1900-address3.html --> www.webster.edu /usr/home/corbetre/public_html/dogtown/history 1900-address3.html
100.06.14 19:07 A D:\A WEB SITE\dogtown\history\1900-address4.html --> www.webster.edu /usr/home/corbetre/public_html/dogtown/history 1900-address4.html
100.06.14 19:07 A D:\A WEB SITE\dogtown\history\1900-lastname1.html --> www.webster.edu /usr/home/corbetre/public_html/dogtown/history 1900-lastname1.html
100.06.14 19:08 A D:\A WEB SITE\dogtown\history\1900-lastname2.html --> www.webster.edu /usr/home/corbetre/public_html/dogtown/history 1900-lastname2.html
100.06.14 19:08 A D:\A WEB SITE\dogtown\history\1900-lastname3.html --> www.webster.edu /usr/home/corbetre/public_html/dogtown/history 1900-lastname3.html
100.06.14 19:08 A D:\A WEB SITE\dogtown\history\1900-lastname4.html --> www.webster.edu /usr/home/corbetre/public_html/dogtown/history 1900-lastname4.html
100.06.16 01:27 A D:\A WEB SITE\dogtown\history\taylor.html --> www.webster.edu /usr/home/corbetre/public_html/dogtown/history taylor.html
100.06.22 19:57 A D:\A WEB SITE\dogtown\history\factories.html --> www.webster.edu /usr/home/corbetre/public_html/dogtown/history factories.html
100.06.22 19:57 A D:\A WEB SITE\dogtown\history\laclede.html --> www.webster.edu /usr/home/corbetre/public_html/dogtown/history laclede.html
100.06.24 12:23 A D:\A WEB SITE\dogtown\history\taylor.html --> www.webster.edu /usr/home/corbetre/public_html/dogtown/history taylor.html
100.06.24 12:32 A D:\A WEB SITE\dogtown\history\taylor.html --> www.webster.edu /usr/home/corbetre/public_html/dogtown/history taylor.html
100.06.24 12:39 A D:\A WEB SITE\dogtown\history\taylor.html --> www.webster.edu /usr/home/corbetre/public_html/dogtown/history taylor.html
100.06.26 13:57 A D:\A WEB SITE\dogtown\history\taylor.html --> www.webster.edu /usr/home/corbetre/public_html/dogtown/history taylor.html
100.06.27 22:38 A D:\A WEB SITE\dogtown\history\westend.html --> www.webster.edu /usr/home/corbetre/public_html/dogtown westend.html
100.06.27 22:40 A D:\A WEB SITE\dogtown\history\westend.html --> www.webster.edu /usr/home/corbetre/public_html/dogtown/history westend.html
100.06.28 13:52 A D:\A WEB SITE\dogtown\history\taylor.html --> www.webster.edu /usr/home/corbetre/public_html/dogtown/history taylor.html
100.07.05 15:05 A D:\A WEB SITE\dogtown\history\dispatch-highlands.html --> www.webster.edu /usr/home/corbetre/public_html/dogtown/history dispatch-highlands.html
100.07.05 15:05 A D:\A WEB SITE\dogtown\history\dispatch.html --> www.webster.edu /usr/home/corbetre/public_html/dogtown/history dispatch.html
100.07.05 15:05 A D:\A WEB SITE\dogtown\history\highlands.html --> www.webster.edu /usr/home/corbetre/public_html/dogtown/history highlands.html
100.07.09 20:31 A D:\A WEB SITE\dogtown\history\band.html --> www.webster.edu /usr/home/corbetre/public_html/dogtown/history band.html
100.07.18 02:06 A D:\A WEB SITE\dogtown\history\laclede.html --> www.webster.edu /usr/home/corbetre/public_html/dogtown/history laclede.html
100.07.29 12:28 A D:\A WEB SITE\dogtown\history\1900-overview.html --> www.webster.edu /usr/home/corbetre/public_html/dogtown/history 1900-overview.html
100.08.06 00:05 A D:\A WEB SITE\dogtown\history\gratiot-docs.html --> www.webster.edu /usr/home/corbetre/public_html/dogtown/history gratiot-docs.html
100.08.06 00:05 A D:\A WEB SITE\dogtown\history\gratiot.html --> www.webster.edu /usr/home/corbetre/public_html/dogtown/history gratiot.html
100.08.06 09:59 A D:\A WEB SITE\dogtown\history\gratiot.html --> www.webster.edu /usr/home/corbetre/public_html/dogtown/history gratiot.html
100.08.15 00:35 A D:\A WEB SITE\dogtown\history\gratiot.html --> www.webster.edu /usr/home/corbetre/public_html/dogtown/history gratiot.html
100.08.20 10:49 A D:\A WEB SITE\dogtown\history\taylor.html --> www.webster.edu /usr/home/corbetre/public_html/dogtown/history taylor.html
100.09.04 05:35 A D:\A WEB SITE\dogtown\history\1900-address4.html --> www.webster.edu /usr/home/corbetre/public_html/dogtown/history 1900-address4.html
100.09.30 18:48 A D:\A WEB SITE\dogtown\history\bricks.html --> www.webster.edu /usr/home/corbetre/public_html/dogtown/history bricks.html
100.09.30 18:48 A D:\A WEB SITE\dogtown\history\collection.html --> www.webster.edu /usr/home/corbetre/public_html/dogtown/history collection.html
100.09.30 18:49 A D:\A WEB SITE\dogtown\history\bricks.html --> www.webster.edu /usr/home/corbetre/public_html/dogtown/history bricks.html
100.09.30 18:49 A D:\A WEB SITE\dogtown\history\collection.html --> www.webster.edu /usr/home/corbetre/public_html/dogtown/history collection.html
100.10.01 08:06 A D:\A WEB SITE\dogtown\history\factories.html --> www.webster.edu /usr/home/corbetre/public_html/dogtown/history factories.html
100.10.03 23:49 A D:\A WEB SITE\dogtown\history\factories.html --> www.webster.edu /usr/home/corbetre/public_html/dogtown/history factories.html
100.10.03 23:49 A D:\A WEB SITE\dogtown\history\brock.html --> www.webster.edu /usr/home/corbetre/public_html/dogtown/history brock.html
100.10.03 23:49 A D:\A WEB SITE\dogtown\history\pacific.html --> www.webster.edu /usr/home/corbetre/public_html/dogtown/history pacific.html
100.10.04 18:26 A D:\A WEB SITE\dogtown\history\factories.html --> www.webster.edu /usr/home/corbetre/public_html/dogtown/history factories.html
100.10.04 18:26 A D:\A WEB SITE\dogtown\history\laclede-1875.html --> www.webster.edu /usr/home/corbetre/public_html/dogtown/history laclede-1875.html
100.10.04 18:26 A D:\A WEB SITE\dogtown\history\laclede-brick.html --> www.webster.edu /usr/home/corbetre/public_html/dogtown/history laclede-brick.html
100.10.04 18:27 A D:\A WEB SITE\dogtown\history\laclede-main.html --> www.webster.edu /usr/home/corbetre/public_html/dogtown/history laclede-main.html
100.10.04 18:27 A D:\A WEB SITE\dogtown\history\laclede.html --> www.webster.edu /usr/home/corbetre/public_html/dogtown/history laclede.html
100.10.04 18:27 A D:\A WEB SITE\dogtown\history\missouri.html --> www.webster.edu /usr/home/corbetre/public_html/dogtown/history missouri.html
100.11.03 18:52 A D:\A WEB SITE\dogtown\history\factories.html --> www.webster.edu /usr/home/corbetre/public_html/dogtown/history factories.html
100.11.04 12:46 A D:\A WEB SITE\dogtown\history\mines.html --> www.webster.edu /usr/home/corbetre/public_html/dogtown/history mines.html
100.11.11 18:36 A D:\A WEB SITE\dogtown\history\factories.html --> www.webster.edu /usr/home/corbetre/public_html/dogtown/history factories.html
100.11.11 18:36 A D:\A WEB SITE\dogtown\history\sheldon.html --> www.webster.edu /usr/home/corbetre/public_html/dogtown/history sheldon.html
100.11.11 18:37 A D:\A WEB SITE\dogtown\history\winkle-brick.html --> www.webster.edu /usr/home/corbetre/public_html/dogtown/history winkle-brick.html
100.11.11 18:37 A D:\A WEB SITE\dogtown\history\winkle-main.html --> www.webster.edu /usr/home/corbetre/public_html/dogtown/history winkle-main.html
100.11.11 18:37 A D:\A WEB SITE\dogtown\history\winkle-snow.html --> www.webster.edu /usr/home/corbetre/public_html/dogtown/history winkle-snow.html
101.05.25 18:10 A D:\A WEB SITE\dogtown\history\bricks.html --> www.webster.edu /usr/home/corbetre/public_html/dogtown/history bricks.html
101.05.25 18:10 A D:\A WEB SITE\dogtown\history\mines.html --> www.webster.edu /usr/home/corbetre/public_html/dogtown/history mines.html
101.06.19 23:29 A D:\A WEB SITE\dogtown\history\wayman.html --> www.webster.edu /usr/home/corbetre/public_html/dogtown/history wayman.html
101.12.30 10:49 A D:\A WEB SITE\dogtown\history\wayman.html --> www.webster.edu /usr/home/corbetre/public_html/dogtown/history wayman.html
