99.06.15 17:31 A E:\public_html\images\atwork.gif <-- My Home Page /usr/home/corbetre/public_html/images atwork.gif
99.06.15 17:31 A E:\public_html\images\bar.gif <-- My Home Page /usr/home/corbetre/public_html/images bar.gif
99.06.15 17:31 A E:\public_html\images\barrier.gif <-- My Home Page /usr/home/corbetre/public_html/images barrier.gif
99.06.15 17:31 A E:\public_html\images\bg.gif <-- My Home Page /usr/home/corbetre/public_html/images bg.gif
99.06.15 17:32 A E:\public_html\images\bigmap.gif <-- My Home Page /usr/home/corbetre/public_html/images bigmap.gif
99.06.15 17:32 A E:\public_html\images\bigsign.gif <-- My Home Page /usr/home/corbetre/public_html/images bigsign.gif
99.06.15 17:32 A E:\public_html\images\bookshelf.gif <-- My Home Page /usr/home/corbetre/public_html/images bookshelf.gif
99.06.15 17:32 A E:\public_html\images\brick.jpg <-- My Home Page /usr/home/corbetre/public_html/images brick.jpg
99.06.15 17:32 A E:\public_html\images\brightyel.gif <-- My Home Page /usr/home/corbetre/public_html/images brightyel.gif
99.06.15 17:32 A E:\public_html\images\brownspeck.jpg <-- My Home Page /usr/home/corbetre/public_html/images brownspeck.jpg
99.06.15 17:32 A E:\public_html\images\chalkish.jpg <-- My Home Page /usr/home/corbetre/public_html/images chalkish.jpg
99.06.15 17:32 A E:\public_html\images\chalky.jpg <-- My Home Page /usr/home/corbetre/public_html/images chalky.jpg
99.06.15 17:32 A E:\public_html\images\coming.gif <-- My Home Page /usr/home/corbetre/public_html/images coming.gif
99.06.15 17:32 A E:\public_html\images\construct.gif <-- My Home Page /usr/home/corbetre/public_html/images construct.gif
99.06.15 17:32 A E:\public_html\images\cream.jpg <-- My Home Page /usr/home/corbetre/public_html/images cream.jpg
99.06.15 17:32 A E:\public_html\images\creamblue.jpg <-- My Home Page /usr/home/corbetre/public_html/images creamblue.jpg
99.06.15 17:32 A E:\public_html\images\creamish.jpg <-- My Home Page /usr/home/corbetre/public_html/images creamish.jpg
99.06.15 17:32 A E:\public_html\images\czone.gif <-- My Home Page /usr/home/corbetre/public_html/images czone.gif
99.06.15 17:32 A E:\public_html\images\darkbeige.jpg <-- My Home Page /usr/home/corbetre/public_html/images darkbeige.jpg
99.06.15 17:33 A E:\public_html\images\dkgold.gif <-- My Home Page /usr/home/corbetre/public_html/images dkgold.gif
99.06.15 17:33 A E:\public_html\images\dkyell.gif <-- My Home Page /usr/home/corbetre/public_html/images dkyell.gif
99.06.15 17:33 A E:\public_html\images\feather.gif <-- My Home Page /usr/home/corbetre/public_html/images feather.gif
99.06.15 17:33 A E:\public_html\images\flag.gif <-- My Home Page /usr/home/corbetre/public_html/images flag.gif
99.06.15 17:33 A E:\public_html\images\footprint.gif <-- My Home Page /usr/home/corbetre/public_html/images footprint.gif
99.06.15 17:33 A E:\public_html\images\graymap.gif <-- My Home Page /usr/home/corbetre/public_html/images graymap.gif
99.06.15 17:33 A E:\public_html\images\grey.gif <-- My Home Page /usr/home/corbetre/public_html/images grey.gif
99.06.15 17:33 A E:\public_html\images\internation.gif <-- My Home Page /usr/home/corbetre/public_html/images internation.gif
99.06.15 17:33 A E:\public_html\images\linethick.gif <-- My Home Page /usr/home/corbetre/public_html/images linethick.gif
99.06.15 17:33 A E:\public_html\images\masks.gif <-- My Home Page /usr/home/corbetre/public_html/images masks.gif
99.06.15 17:33 A E:\public_html\images\multi.jpg <-- My Home Page /usr/home/corbetre/public_html/images multi.jpg
99.06.15 17:33 A E:\public_html\images\pencil.gif <-- My Home Page /usr/home/corbetre/public_html/images pencil.gif
99.06.15 17:33 A E:\public_html\images\popcorn.gif <-- My Home Page /usr/home/corbetre/public_html/images popcorn.gif
99.06.15 17:33 A E:\public_html\images\purpencil.gif <-- My Home Page /usr/home/corbetre/public_html/images purpencil.gif
99.06.15 17:33 A E:\public_html\images\purplish.gif <-- My Home Page /usr/home/corbetre/public_html/images purplish.gif
99.06.15 17:34 A E:\public_html\images\smallmap.gif <-- My Home Page /usr/home/corbetre/public_html/images smallmap.gif
99.06.15 17:34 A E:\public_html\images\smallsign.gif <-- My Home Page /usr/home/corbetre/public_html/images smallsign.gif
99.06.15 17:34 A E:\public_html\images\snoopy.gif <-- My Home Page /usr/home/corbetre/public_html/images snoopy.gif
99.06.15 17:34 A E:\public_html\images\speckled.jpg <-- My Home Page /usr/home/corbetre/public_html/images speckled.jpg
99.06.15 17:34 A E:\public_html\images\speckledy.gif <-- My Home Page /usr/home/corbetre/public_html/images speckledy.gif
99.06.15 17:34 A E:\public_html\images\tannish.jpg <-- My Home Page /usr/home/corbetre/public_html/images tannish.jpg
99.06.15 17:34 A E:\public_html\images\tanyellow.jpg <-- My Home Page /usr/home/corbetre/public_html/images tanyellow.jpg
99.06.15 17:34 A E:\public_html\images\tanyellow2.jpg <-- My Home Page /usr/home/corbetre/public_html/images tanyellow2.jpg
99.06.15 17:34 A E:\public_html\images\texturebei.gif <-- My Home Page /usr/home/corbetre/public_html/images texturebei.gif
99.06.15 17:34 A E:\public_html\images\tinypencil.gif <-- My Home Page /usr/home/corbetre/public_html/images tinypencil.gif
99.06.15 17:34 A E:\public_html\images\unevenblutan.gif <-- My Home Page /usr/home/corbetre/public_html/images unevenblutan.gif
99.06.15 17:34 A E:\public_html\images\uneventan.gif <-- My Home Page /usr/home/corbetre/public_html/images uneventan.gif
99.06.15 17:34 A E:\public_html\images\unevenyell.gif <-- My Home Page /usr/home/corbetre/public_html/images unevenyell.gif
99.06.15 17:34 A E:\public_html\images\worker.gif <-- My Home Page /usr/home/corbetre/public_html/images worker.gif
99.06.15 17:34 A E:\public_html\images\yellbord.gif <-- My Home Page /usr/home/corbetre/public_html/images yellbord.gif
99.06.15 17:34 A E:\public_html\images\yellowpaper.gif <-- My Home Page /usr/home/corbetre/public_html/images yellowpaper.gif
99.06.15 17:35 A E:\public_html\images\yelwhite.jpg <-- My Home Page /usr/home/corbetre/public_html/images yelwhite.jpg
99.07.08 14:36 B E:\public_html\images\cover.JPG --> www.webster.edu /usr/home/corbetre/public_html/images cover.JPG
99.07.08 16:14 B E:\public_html\images\cover.jpg --> www.webster.edu /usr/home/corbetre/public_html/images cover.jpg
99.09.09 10:52 B E:\public_html\images\johnkate.gif --> www.webster.edu /usr/home/corbetre/public_html/images johnkate.gif
99.09.09 11:06 B E:\public_html\images\party.gif --> www.webster.edu /usr/home/corbetre/public_html/images party.gif
99.09.16 09:44 B E:\public_html\images\class34.jif.txt --> www.webster.edu /usr/home/corbetre/public_html/images class34.jif.txt
99.09.16 10:26 B E:\public_html\images\class34.gif --> www.webster.edu /usr/home/corbetre/public_html/images class34.gif
99.09.22 19:46 B E:\public_html\images\jamesa40.gif --> www.webster.edu /usr/home/corbetre/public_html/images jamesa40.gif
99.09.23 23:55 B E:\public_html\images\classa25.JPG --> www.webster.edu /usr/home/corbetre/public_html/images classa25.JPG
99.09.24 00:01 B E:\public_html\images\classa25.jpeg --> www.webster.edu /usr/home/corbetre/public_html/images classa25.jpeg
99.09.24 12:04 B E:\public_html\images\class32a.gif --> www.webster.edu /usr/home/corbetre/public_html/images class32a.gif
99.09.24 12:14 B E:\public_html\images\class37a.gif --> www.webster.edu /usr/home/corbetre/public_html/images class37a.gif
99.09.24 12:42 B E:\public_html\images\class38a.gif --> www.webster.edu /usr/home/corbetre/public_html/images class38a.gif
99.09.24 14:51 B E:\public_html\images\class31a.gif --> www.webster.edu /usr/home/corbetre/public_html/images class31a.gif
99.09.24 16:35 B E:\public_html\images\7th29.gif --> www.webster.edu /usr/home/corbetre/public_html/images 7th29.gif
99.09.24 17:34 B E:\public_html\images\7th29.gif --> www.webster.edu /usr/home/corbetre/public_html/images 7th29.gif
99.09.25 17:24 B E:\public_html\images\softball38.gif --> www.webster.edu /usr/home/corbetre/public_html/images softball38.gif
99.09.26 22:27 B E:\public_html\images\3rdclass25.gif --> www.webster.edu /usr/home/corbetre/public_html/images 3rdclass25.gif
99.09.27 08:20 B E:\public_html\images\sun-32-33.gif --> www.webster.edu /usr/home/corbetre/public_html/images sun-32-33.gif
99.09.27 08:25 B E:\public_html\images\sun-33-34.gif --> www.webster.edu /usr/home/corbetre/public_html/images sun-33-34.gif
99.09.27 12:22 B E:\public_html\images\5th31.gif --> www.webster.edu /usr/home/corbetre/public_html/images 5th31.gif
99.09.27 12:35 B E:\public_html\images\convent.gif --> www.webster.edu /usr/home/corbetre/public_html/images convent.gif
99.09.27 16:04 B E:\public_html\images\class53a.gif --> www.webster.edu /usr/home/corbetre/public_html/images class53a.gif
99.09.27 16:42 B E:\public_html\images\sheas.gif --> www.webster.edu /usr/home/corbetre/public_html/images sheas.gif
99.09.27 23:07 B E:\public_html\images\class39a.gif --> www.webster.edu /usr/home/corbetre/public_html/images class39a.gif
99.09.27 23:34 B E:\public_html\images\class41a.gif --> www.webster.edu /usr/home/corbetre/public_html/images class41a.gif
99.09.28 18:04 B E:\public_html\images\class17a.gif --> www.webster.edu /usr/home/corbetre/public_html/images class17a.gif
99.09.28 18:52 B E:\public_html\images\class19a.gif --> www.webster.edu /usr/home/corbetre/public_html/images class19a.gif
99.09.28 19:19 B E:\public_html\images\class22a.gif --> www.webster.edu /usr/home/corbetre/public_html/images class22a.gif
99.09.28 19:30 B E:\public_html\images\class24a.gif --> www.webster.edu /usr/home/corbetre/public_html/images class24a.gif
99.09.28 19:50 B E:\public_html\images\class42a.gif --> www.webster.edu /usr/home/corbetre/public_html/images class42a.gif
99.09.28 20:21 B E:\public_html\images\class45a.gif --> www.webster.edu /usr/home/corbetre/public_html/images class45a.gif
99.10.01 00:20 A E:\public_html\images\kraft.gif --> www.webster.edu /usr/home/corbetre/public_html/images kraft.gif
99.10.01 00:22 B E:\public_html\images\kraft.gif --> www.webster.edu /usr/home/corbetre/public_html/images kraft.gif
99.10.01 00:24 B E:\public_html\images\train.gif --> www.webster.edu /usr/home/corbetre/public_html/images train.gif
99.10.02 17:46 B E:\public_html\images\32james.gif --> www.webster.edu /usr/home/corbetre/public_html/images 32james.gif
99.10.02 17:47 B E:\public_html\images\33soccer.gif --> www.webster.edu /usr/home/corbetre/public_html/images 33soccer.gif
99.10.02 21:12 B E:\public_html\images\class08a.gif --> www.webster.edu /usr/home/corbetre/public_html/images class08a.gif
99.10.03 19:59 B E:\public_html\images\class27a.gif --> www.webster.edu /usr/home/corbetre/public_html/images class27a.gif
99.10.12 00:42 B E:\public_html\images\49soccer.gif --> www.webster.edu /usr/home/corbetre/public_html/images 49soccer.gif
99.10.12 00:43 B E:\public_html\images\6th-49.gif --> www.webster.edu /usr/home/corbetre/public_html/images 6th-49.gif
99.10.12 00:46 B E:\public_html\images\grad49.gif --> www.webster.edu /usr/home/corbetre/public_html/images grad49.gif
99.10.12 00:48 B E:\public_html\images\reunion49.gif --> www.webster.edu /usr/home/corbetre/public_html/images reunion49.gif
99.11.01 10:04 A E:\public_html\images\class36a.jpg --> www.webster.edu /usr/home/corbetre/public_html/images class36a.jpg
99.11.01 10:05 B E:\public_html\images\class36a.jpg --> www.webster.edu /usr/home/corbetre/public_html/images class36a.jpg
99.11.01 10:06 B E:\public_html\images\class57a.jpg --> www.webster.edu /usr/home/corbetre/public_html/images class57a.jpg
99.11.26 13:56 B E:\public_html\images\class33a.gif --> www.webster.edu /usr/home/corbetre/public_html/images class33a.gif
99.11.28 11:48 B E:\public_html\images\8th53.gif --> www.webster.edu /usr/home/corbetre/public_html/images 8th53.gif
99.12.01 12:34 B E:\public_html\images\johnkate.jpg --> www.webster.edu /usr/home/corbetre/public_html/images johnkate.jpg
99.12.01 12:35 B E:\public_html\images\party.jpg --> www.webster.edu /usr/home/corbetre/public_html/images party.jpg
99.12.03 21:24 B E:\public_html\images\class50a.gif --> www.webster.edu /usr/home/corbetre/public_html/images class50a.gif
99.12.03 21:24 B E:\public_html\images\class51a.gif --> www.webster.edu undecipherable class51a.gif
99.12.03 21:25 B E:\public_html\images\class51a.gif --> www.webster.edu /usr/home/corbetre/public_html/images class51a.gif
99.12.03 21:25 B E:\public_html\images\class68a.gif --> www.webster.edu /usr/home/corbetre/public_html/images class68a.gif
99.12.03 21:26 B E:\public_html\images\class73a.gif --> www.webster.edu /usr/home/corbetre/public_html/images class73a.gif
99.12.03 21:27 B E:\public_html\images\class77a.gif --> www.webster.edu /usr/home/corbetre/public_html/images class77a.gif
99.12.03 21:27 B E:\public_html\images\53-corbett-45.gif --> www.webster.edu /usr/home/corbetre/public_html/images 53-corbett-45.gif
99.12.04 20:39 B E:\public_html\images\class57a.jpg --> www.webster.edu /usr/home/corbetre/public_html/images class57a.jpg
99.12.04 20:40 B E:\public_html\images\Class57kinder.gif --> www.webster.edu /usr/home/corbetre/public_html/images Class57kinder.gif
99.12.04 20:41 B E:\public_html\images\class57soccer.gif --> www.webster.edu /usr/home/corbetre/public_html/images class57soccer.gif
99.12.05 18:39 B E:\public_html\images\class34a.gif --> www.webster.edu /usr/home/corbetre/public_html/images class34a.gif
99.12.05 18:40 B E:\public_html\images\class53a.jpg --> www.webster.edu /usr/home/corbetre/public_html/images class53a.jpg
99.12.05 18:41 B E:\public_html\images\class53kinder.jpg --> www.webster.edu /usr/home/corbetre/public_html/images class53kinder.jpg
99.12.05 18:41 B E:\public_html\images\class53-grade2.jpg --> www.webster.edu /usr/home/corbetre/public_html/images class53-grade2.jpg
99.12.05 19:26 B E:\public_html\images\class57kinder.jpg --> www.webster.edu /usr/home/corbetre/public_html/images class57kinder.jpg
99.12.05 19:38 B E:\public_html\images\class57kinder.jpg --> www.webster.edu /usr/home/corbetre/public_html/images class57kinder.jpg
99.12.05 23:19 B E:\public_html\images\class56-5th.jpg --> www.webster.edu /usr/home/corbetre/public_html/images class56-5th.jpg
99.12.05 23:19 B E:\public_html\images\class56-play.jpg --> www.webster.edu /usr/home/corbetre/public_html/images class56-play.jpg
99.12.05 23:20 B E:\public_html\images\class56a.jpg --> www.webster.edu /usr/home/corbetre/public_html/images class56a.jpg
99.12.06 13:46 B E:\public_html\images\dolan.jpg --> www.webster.edu /usr/home/corbetre/public_html/images dolan.jpg
99.12.06 13:46 B E:\public_html\images\placke.jpg --> www.webster.edu /usr/home/corbetre/public_html/images placke.jpg
99.12.06 16:22 B E:\public_html\images\grad45.jpg --> www.webster.edu /usr/home/corbetre/public_html/images grad45.jpg
99.12.06 23:25 B E:\public_html\images\class47-8th.jpg --> www.webster.edu /usr/home/corbetre/public_html/images class47-8th.jpg
99.12.06 23:25 B E:\public_html\images\class47-dip.jpg --> www.webster.edu /usr/home/corbetre/public_html/images class47-dip.jpg
99.12.06 23:35 B E:\public_html\images\class47a.jpg --> www.webster.edu /usr/home/corbetre/public_html/images class47a.jpg
99.12.06 23:44 B E:\public_html\images\class47-8th.jpg --> www.webster.edu /usr/home/corbetre/public_html/images class47-8th.jpg
99.12.06 23:54 B E:\public_html\images\class47-8th.jpg --> www.webster.edu /usr/home/corbetre/public_html/images class47-8th.jpg
99.12.07 00:01 B E:\public_html\images\class47-8thgrade.jpg --> www.webster.edu /usr/home/corbetre/public_html/images class47-8thgrade.jpg
99.12.11 23:44 B E:\public_html\images\1876.jpg --> www.webster.edu /usr/home/corbetre/public_html/images 1876.jpg
99.12.11 23:46 B E:\public_html\images\area-map.jpg --> www.webster.edu /usr/home/corbetre/public_html/images area-map.jpg
99.12.28 23:22 A E:\public_html\images\54-herbst-46.jpg --> www.webster.edu /usr/home/corbetre/public_html/images 54-herbst-46.jpg
99.12.28 23:22 A E:\public_html\images\54-herbst2-46.jpg --> www.webster.edu /usr/home/corbetre/public_html/images 54-herbst2-46.jpg
99.12.28 23:23 A E:\public_html\images\class54-grade7.jpg --> www.webster.edu /usr/home/corbetre/public_html/images class54-grade7.jpg
99.12.28 23:23 A E:\public_html\images\class54-grade1.jpg --> www.webster.edu /usr/home/corbetre/public_html/images class54-grade1.jpg
99.12.28 23:23 A E:\public_html\images\class-54a.jpg --> www.webster.edu /usr/home/corbetre/public_html/images class-54a.jpg
99.12.28 23:25 B E:\public_html\images\class-54a.jpg --> www.webster.edu /usr/home/corbetre/public_html/images class-54a.jpg
99.12.28 23:26 B E:\public_html\images\class54-grade1.jpg --> www.webster.edu /usr/home/corbetre/public_html/images class54-grade1.jpg
99.12.28 23:26 B E:\public_html\images\class54-grade7.jpg --> www.webster.edu /usr/home/corbetre/public_html/images class54-grade7.jpg
99.12.28 23:26 B E:\public_html\images\54-herbst-46.jpg --> www.webster.edu /usr/home/corbetre/public_html/images 54-herbst-46.jpg
99.12.28 23:26 B E:\public_html\images\54-herbst2-46.jpg --> www.webster.edu /usr/home/corbetre/public_html/images 54-herbst2-46.jpg
100.01.13 14:24 A E:\public_html\images\mines.jpg --> www.webster.edu /usr/home/corbetre/public_html/images mines.jpg
100.01.13 14:25 B E:\public_html\images\mines.jpg --> www.webster.edu /usr/home/corbetre/public_html/images mines.jpg
100.01.14 16:41 B E:\public_html\images\class44a.jpg --> www.webster.edu /usr/home/corbetre/public_html/images class44a.jpg
100.01.14 16:42 B E:\public_html\images\class48-7th.jpg --> www.webster.edu /usr/home/corbetre/public_html/images class48-7th.jpg
100.01.14 16:42 B E:\public_html\images\class48-altar.jpg --> www.webster.edu /usr/home/corbetre/public_html/images class48-altar.jpg
100.01.14 16:43 B E:\public_html\images\class48-kinder.jpg --> www.webster.edu /usr/home/corbetre/public_html/images class48-kinder.jpg
100.01.14 16:43 B E:\public_html\images\class48a.jpg --> www.webster.edu /usr/home/corbetre/public_html/images class48a.jpg
100.01.14 23:51 B E:\public_html\images\alum.jpg --> www.webster.edu /usr/home/corbetre/public_html/images alum.jpg
100.01.14 23:52 B E:\public_html\images\alumleft.jpg --> www.webster.edu /usr/home/corbetre/public_html/images alumleft.jpg
100.01.14 23:52 B E:\public_html\images\alumright.jpg --> www.webster.edu /usr/home/corbetre/public_html/images alumright.jpg
100.01.18 13:47 B E:\public_html\images\original.jpg --> www.webster.edu /usr/home/corbetre/public_html/images original.jpg
100.01.18 13:48 B E:\public_html\images\stopsky.jpg --> www.webster.edu /usr/home/corbetre/public_html/images stopsky.jpg
100.02.01 16:35 B E:\public_html\images\class63-john.jpg --> www.webster.edu /usr/home/corbetre/public_html/images class63-john.jpg
100.02.01 16:35 B E:\public_html\images\class63-kinder.jpg --> www.webster.edu /usr/home/corbetre/public_html/images class63-kinder.jpg
100.02.01 16:35 B E:\public_html\images\class63-kl.jpg --> www.webster.edu /usr/home/corbetre/public_html/images class63-kl.jpg
100.02.01 16:36 B E:\public_html\images\class63-kr.jpg --> www.webster.edu /usr/home/corbetre/public_html/images class63-kr.jpg
100.02.20 17:12 B E:\public_html\images\aries-cover.jpg --> www.webster.edu /usr/home/corbetre/public_html aries-cover.jpg
100.02.20 17:13 B E:\public_html\images\aries-cover.jpg --> www.webster.edu /usr/home/corbetre/public_html/images aries-cover.jpg
100.02.25 16:16 B E:\public_html\images\bordes-cover.jpg --> www.webster.edu /usr/home/corbetre/public_html/images bordes-cover.jpg
100.02.26 16:09 B E:\public_html\images\class30a.jpg --> www.webster.edu /usr/home/corbetre/public_html/images class30a.jpg
100.02.27 17:02 B E:\public_html\images\class30-6th.jpg --> www.webster.edu /usr/home/corbetre/public_html/images class30-6th.jpg
100.03.11 14:27 B E:\public_html\images\53-golf.jpg --> www.webster.edu /usr/home/corbetre/public_html/images 53-golf.jpg
100.03.27 09:12 B E:\public_html\images\1223-childress.jpg --> www.webster.edu /usr/home/corbetre/public_html/images 1223-childress.jpg
100.04.04 16:08 B E:\public_html\images\class48a.jpg --> www.webster.edu /usr/home/corbetre/public_html/images class48a.jpg
100.04.05 19:02 B E:\public_html\images\class34a.gif --> www.webster.edu /usr/home/corbetre/public_html/images class34a.gif
100.04.14 18:09 B E:\public_html\images\bg-3-1.jpg --> www.webster.edu /usr/home/corbetre/public_html/images bg-3-1.jpg
100.04.14 18:09 B E:\public_html\images\bg-5-1.jpg --> www.webster.edu /usr/home/corbetre/public_html/images bg-5-1.jpg
100.04.14 18:10 B E:\public_html\images\bg-5-2.jpg --> www.webster.edu /usr/home/corbetre/public_html/images bg-5-2.jpg
100.04.14 18:10 B E:\public_html\images\BG-5-3.jpg --> www.webster.edu /usr/home/corbetre/public_html/images BG-5-3.jpg
100.04.14 18:10 B E:\public_html\images\bg-5-4.jpg --> www.webster.edu /usr/home/corbetre/public_html/images bg-5-4.jpg
100.04.14 18:16 B E:\public_html\images\bg-5-3.jpg --> www.webster.edu /usr/home/corbetre/public_html/images bg-5-3.jpg
100.05.15 18:02 B E:\public_html\images\davis-cover.jpg --> www.webster.edu /usr/home/corbetre/public_html/images davis-cover.jpg
100.05.22 14:07 B E:\public_html\images\joe-family2000.jpg --> www.webster.edu /usr/home/corbetre/public_html/images joe-family2000.jpg
100.05.27 19:23 B E:\public_html\images\jews-cover.jpg --> www.webster.edu /usr/home/corbetre/public_html/images jews-cover.jpg
100.05.27 19:24 B E:\public_html\images\jews1.jpg --> www.webster.edu /usr/home/corbetre/public_html/images jews1.jpg
100.05.27 19:29 B E:\public_html\images\jews3.jpg --> www.webster.edu /usr/home/corbetre/public_html/images jews3.jpg
100.05.27 19:39 B E:\public_html\images\jews2.jpg --> www.webster.edu /usr/home/corbetre/public_html/images jews2.jpg
100.05.31 18:44 B E:\public_html\images\slave-2.jpg --> www.webster.edu /usr/home/corbetre/public_html/images slave-2.jpg
100.05.31 18:45 B E:\public_html\images\slave-3.jpg --> www.webster.edu /usr/home/corbetre/public_html/images slave-3.jpg
100.05.31 18:46 B E:\public_html\images\slave-4.jpg --> www.webster.edu /usr/home/corbetre/public_html/images slave-4.jpg
100.05.31 18:47 B E:\public_html\images\slave-5.jpg --> www.webster.edu /usr/home/corbetre/public_html/images slave-5.jpg
100.05.31 18:48 B E:\public_html\images\slave-after.jpg --> www.webster.edu /usr/home/corbetre/public_html/images slave-after.jpg
100.05.31 18:49 B E:\public_html\images\slave-cover.jpg --> www.webster.edu /usr/home/corbetre/public_html/images slave-cover.jpg
100.05.31 18:50 B E:\public_html\images\slave6.jpg --> www.webster.edu /usr/home/corbetre/public_html/images slave6.jpg
100.05.31 18:51 B E:\public_html\images\slave7.jpg --> www.webster.edu /usr/home/corbetre/public_html/images slave7.jpg
100.06.01 11:08 B E:\public_html\images\class99a.jpg --> www.webster.edu /usr/home/corbetre/public_html/images class99a.jpg
100.06.01 11:18 B E:\public_html\images\class99a.jpg --> www.webster.edu /usr/home/corbetre/public_html/images class99a.jpg
100.06.01 17:46 B E:\public_html\images\class32a.jpg --> www.webster.edu /usr/home/corbetre/public_html/images class32a.jpg
100.06.01 17:50 B E:\public_html\images\class27a.jpg --> www.webster.edu /usr/home/corbetre/public_html/images class27a.jpg
100.06.01 17:52 B E:\public_html\images\class34b.jpg --> www.webster.edu /usr/home/corbetre/public_html/images class34b.jpg
100.06.01 17:53 B E:\public_html\images\class23a.jpg --> www.webster.edu /usr/home/corbetre/public_html/images class23a.jpg
100.06.01 17:54 B E:\public_html\images\class23-8th.jpg --> www.webster.edu /usr/home/corbetre/public_html/images class23-8th.jpg
100.06.01 18:19 B E:\public_html\images\class18a.jpg --> www.webster.edu /usr/home/corbetre/public_html/images class18a.jpg
100.06.01 19:08 B E:\public_html\images\class98a.jpg --> www.webster.edu /usr/home/corbetre/public_html/images class98a.jpg
100.06.01 19:08 A E:\public_html\images\1223-childress.jpg <-- My Home Page /usr/home/corbetre/public_html/images 1223-childress.jpg
100.06.01 19:47 B E:\public_html\images\class97a.jpg --> www.webster.edu /usr/home/corbetre/public_html/images class97a.jpg
100.06.01 20:10 B E:\public_html\images\class98b.jpg --> www.webster.edu /usr/home/corbetre/public_html/images class98b.jpg
100.06.01 20:11 B E:\public_html\images\class99a.jpg --> www.webster.edu /usr/home/corbetre/public_html/images class99a.jpg
100.06.01 23:58 B E:\public_html\images\class68-reunion.jpg --> www.webster.edu /usr/home/corbetre/public_html/images class68-reunion.jpg
100.06.02 23:10 B E:\public_html\images\class55-johnoc.jpg --> www.webster.edu /usr/home/corbetre/public_html/images class55-johnoc.jpg
100.06.02 23:13 B E:\public_html\images\class55-k1.jpg --> www.webster.edu /usr/home/corbetre/public_html/images class55-k1.jpg
100.06.02 23:16 B E:\public_html\images\class55-k2.jpg --> www.webster.edu /usr/home/corbetre/public_html/images class55-k2.jpg
100.06.02 23:20 B E:\public_html\images\class55-n1.jpg --> www.webster.edu /usr/home/corbetre/public_html/images class55-n1.jpg
100.06.02 23:23 B E:\public_html\images\class55-n2.jpg --> www.webster.edu /usr/home/corbetre/public_html/images class55-n2.jpg
100.06.03 16:46 B E:\public_html\images\class81a.jpg --> www.webster.edu /usr/home/corbetre/public_html/images class81a.jpg
100.06.03 16:47 B E:\public_html\images\class82a.jpg --> www.webster.edu /usr/home/corbetre/public_html/images class82a.jpg
100.06.03 16:48 B E:\public_html\images\class83a.jpg --> www.webster.edu /usr/home/corbetre/public_html/images class83a.jpg
100.06.03 16:48 B E:\public_html\images\class84a.jpg --> www.webster.edu /usr/home/corbetre/public_html/images class84a.jpg
100.06.03 16:49 B E:\public_html\images\class85a.jpg --> www.webster.edu /usr/home/corbetre/public_html/images class85a.jpg
100.06.03 16:50 B E:\public_html\images\class86a.jpg --> www.webster.edu /usr/home/corbetre/public_html/images class86a.jpg
100.06.03 16:50 B E:\public_html\images\class87a.jpg --> www.webster.edu /usr/home/corbetre/public_html/images class87a.jpg
100.06.03 16:51 B E:\public_html\images\class88a.jpg --> www.webster.edu /usr/home/corbetre/public_html/images class88a.jpg
100.06.03 16:52 B E:\public_html\images\class89a.jpg --> www.webster.edu /usr/home/corbetre/public_html/images class89a.jpg
100.06.03 16:53 B E:\public_html\images\class90a.jpg --> www.webster.edu /usr/home/corbetre/public_html/images class90a.jpg
100.06.03 16:54 B E:\public_html\images\class91a.jpg --> www.webster.edu /usr/home/corbetre/public_html/images class91a.jpg
100.06.03 16:55 B E:\public_html\images\class92a.jpg --> www.webster.edu /usr/home/corbetre/public_html/images class92a.jpg
100.06.03 16:56 B E:\public_html\images\class93a.jpg --> www.webster.edu /usr/home/corbetre/public_html/images class93a.jpg
100.06.03 16:56 B E:\public_html\images\class94a.jpg --> www.webster.edu /usr/home/corbetre/public_html/images class94a.jpg
100.06.03 16:57 B E:\public_html\images\class95a.jpg --> www.webster.edu /usr/home/corbetre/public_html/images class95a.jpg
100.06.03 16:59 B E:\public_html\images\class96a.jpg --> www.webster.edu /usr/home/corbetre/public_html/images class96a.jpg
100.06.03 22:03 B E:\public_html\images\oakland.jpg --> www.webster.edu /usr/home/corbetre/public_html/images oakland.jpg
100.06.03 22:04 B E:\public_html\images\yawitz.jpg --> www.webster.edu /usr/home/corbetre/public_html/images yawitz.jpg
100.06.09 13:40 B D:\public_html\images\class2000-coma.jpg --> www.webster.edu /usr/home/corbetre/public_html/images class2000-coma.jpg
100.06.09 13:42 B D:\public_html\images\class95a.jpg --> www.webster.edu /usr/home/corbetre/public_html/images class95a.jpg
100.06.09 13:42 B D:\public_html\images\class96a.jpg --> www.webster.edu /usr/home/corbetre/public_html/images class96a.jpg
100.06.09 13:44 B D:\public_html\images\class95a.jpg --> www.webster.edu /usr/home/corbetre/public_html/images class95a.jpg
100.06.09 13:45 B D:\public_html\images\class95-com.jpg --> www.webster.edu /usr/home/corbetre/public_html/images class95-com.jpg
100.06.09 13:46 B D:\public_html\images\class96-com.jpg --> www.webster.edu /usr/home/corbetre/public_html/images class96-com.jpg
100.06.09 13:46 B D:\public_html\images\class97-com.jpg --> www.webster.edu /usr/home/corbetre/public_html/images class97-com.jpg
100.06.09 13:47 B D:\public_html\images\class98-com.jpg --> www.webster.edu /usr/home/corbetre/public_html/images class98-com.jpg
100.06.09 13:48 B D:\public_html\images\class99-com.jpg --> www.webster.edu /usr/home/corbetre/public_html/images class99-com.jpg
100.06.09 13:49 B D:\public_html\images\dewey37b.jpg --> www.webster.edu /usr/home/corbetre/public_html/images dewey37b.jpg
100.06.11 21:41 B D:\public_html\images\class23-8th.jpg --> www.webster.edu /usr/home/corbetre/public_html/images class23-8th.jpg
100.06.11 21:43 B D:\public_html\images\class23b.jpg --> www.webster.edu /usr/home/corbetre/public_html/images class23b.jpg
100.06.11 21:43 B D:\public_html\images\class23grad.jpg --> www.webster.edu /usr/home/corbetre/public_html/images class23grad.jpg
100.06.11 23:12 B D:\A WEB SITE\images\class34-3rd.jpg --> www.webster.edu /usr/home/corbetre/public_html/images class34-3rd.jpg
100.06.12 00:39 B D:\A WEB SITE\images\Class43-reunion.jpg --> www.webster.edu /usr/home/corbetre/public_html/images Class43-reunion.jpg
100.06.12 00:42 B D:\A WEB SITE\images\Class40a.gif --> www.webster.edu /usr/home/corbetre/public_html/images Class40a.gif
100.06.12 16:49 B D:\A WEB SITE\images\class53-kind.jpg --> www.webster.edu /usr/home/corbetre/public_html/images class53-kind.jpg
100.06.12 16:51 B D:\A WEB SITE\images\class52b.jpg --> www.webster.edu /usr/home/corbetre/public_html/images class52b.jpg
100.06.12 16:51 B D:\A WEB SITE\images\class52a-k.jpg --> www.webster.edu /usr/home/corbetre/public_html/images class52a-k.jpg
100.06.14 00:16 B D:\A WEB SITE\images\lehman.jpg --> www.webster.edu /usr/home/corbetre/public_html/images lehman.jpg
100.06.14 00:33 B D:\A WEB SITE\images\lehman-a.jpg --> www.webster.edu /usr/home/corbetre/public_html/images lehman-a.jpg
100.06.14 21:39 B D:\A WEB SITE\images\class81-com.jpg --> www.webster.edu /usr/home/corbetre/public_html/images class81-com.jpg
100.06.15 15:51 B D:\A WEB SITE\images\class89-com.jpg --> www.webster.edu /usr/home/corbetre/public_html/images class89-com.jpg
100.06.15 15:51 B D:\A WEB SITE\images\class90-com.jpg --> www.webster.edu /usr/home/corbetre/public_html/images class90-com.jpg
100.06.15 15:52 B D:\A WEB SITE\images\class91-com.jpg --> www.webster.edu /usr/home/corbetre/public_html/images class91-com.jpg
100.06.15 20:28 B D:\A WEB SITE\images\class68a.jpg --> www.webster.edu /usr/home/corbetre/public_html/images class68a.jpg
100.06.15 20:29 B D:\A WEB SITE\images\class83-com.jpg --> www.webster.edu /usr/home/corbetre/public_html/images class83-com.jpg
100.06.15 20:30 B D:\A WEB SITE\images\class87-com.jpg --> www.webster.edu /usr/home/corbetre/public_html/images class87-com.jpg
100.06.15 21:37 B D:\A WEB SITE\images\class61-boys.jpg --> www.webster.edu /usr/home/corbetre/public_html/images class61-boys.jpg
100.06.15 21:38 B D:\A WEB SITE\images\class61a.jpg --> www.webster.edu /usr/home/corbetre/public_html/images class61a.jpg
100.06.16 01:27 B D:\A WEB SITE\images\taylor-a.jpg --> www.webster.edu /usr/home/corbetre/public_html/images taylor-a.jpg
100.06.16 15:15 B D:\A WEB SITE\images\class52a.jpg --> www.webster.edu /usr/home/corbetre/public_html/images class52a.jpg
100.06.16 15:20 B D:\A WEB SITE\images\class52a.jpg --> www.webster.edu /usr/home/corbetre/public_html/images class52a.jpg
100.06.16 15:21 B D:\A WEB SITE\images\Class57a.jpg --> www.webster.edu /usr/home/corbetre/public_html/images Class57a.jpg
100.06.16 15:21 B D:\A WEB SITE\images\class70a.jpg --> www.webster.edu /usr/home/corbetre/public_html/images class70a.jpg
100.06.16 17:12 B D:\A WEB SITE\images\Class57a.jpg --> www.webster.edu /usr/home/corbetre/public_html/images Class57a.jpg
100.06.16 17:20 B D:\A WEB SITE\images\class57a.jpg --> www.webster.edu /usr/home/corbetre/public_html/images class57a.jpg
100.06.16 18:23 B D:\A WEB SITE\images\class63-k.jpg --> www.webster.edu /usr/home/corbetre/public_html/images class63-k.jpg
100.06.16 18:55 B D:\A WEB SITE\images\class48a-7th.jpg --> www.webster.edu /usr/home/corbetre/public_html/images class48a-7th.jpg
100.06.16 18:57 B D:\A WEB SITE\images\class49a.gif --> www.webster.edu /usr/home/corbetre/public_html/images class49a.gif
100.06.17 00:09 B D:\A WEB SITE\images\class85-com.jpg --> www.webster.edu /usr/home/corbetre/public_html/images class85-com.jpg
100.06.17 00:09 B D:\A WEB SITE\images\class86-com.jpg --> www.webster.edu /usr/home/corbetre/public_html/images class86-com.jpg
100.06.17 09:53 B D:\A WEB SITE\images\class82-com.jpg --> www.webster.edu /usr/home/corbetre/public_html/images class82-com.jpg
100.06.17 09:54 B D:\A WEB SITE\images\class84-com.jpg --> www.webster.edu /usr/home/corbetre/public_html/images class84-com.jpg
100.06.17 09:55 B D:\A WEB SITE\images\class88-com.jpg --> www.webster.edu /usr/home/corbetre/public_html/images class88-com.jpg
100.06.17 09:55 B D:\A WEB SITE\images\class92-com.jpg --> www.webster.edu /usr/home/corbetre/public_html/images class92-com.jpg
100.06.17 09:56 B D:\A WEB SITE\images\class93-com.jpg --> www.webster.edu /usr/home/corbetre/public_html/images class93-com.jpg
100.06.17 09:57 B D:\A WEB SITE\images\class94-com.jpg --> www.webster.edu /usr/home/corbetre/public_html/images class94-com.jpg
100.06.17 14:59 B D:\A WEB SITE\images\class46a.jpg --> www.webster.edu /usr/home/corbetre/public_html/images class46a.jpg
100.06.17 18:13 B D:\A WEB SITE\images\class49-6th.jpg --> www.webster.edu /usr/home/corbetre/public_html/images class49-6th.jpg
100.06.17 18:14 B D:\A WEB SITE\images\class53-me.jpg --> www.webster.edu /usr/home/corbetre/public_html/images class53-me.jpg
100.06.18 11:21 B D:\A WEB SITE\images\class95-8.jpg --> www.webster.edu /usr/home/corbetre/public_html/images class95-8.jpg
100.06.18 23:57 B D:\A WEB SITE\images\me-7.jpg --> www.webster.edu /usr/home/corbetre/public_html/images me-7.jpg
100.06.22 19:56 B D:\A WEB SITE\images\laclede-1854.jpg --> www.webster.edu /usr/home/corbetre/public_html/images laclede-1854.jpg
100.06.24 12:26 B D:\A WEB SITE\images\taylor1.jpg --> www.webster.edu /usr/home/corbetre/public_html/images taylor1.jpg
100.06.24 12:26 B D:\A WEB SITE\images\taylor2.jpg --> www.webster.edu /usr/home/corbetre/public_html/images taylor2.jpg
100.06.24 12:26 B D:\A WEB SITE\images\taylor3.jpg --> www.webster.edu /usr/home/corbetre/public_html/images taylor3.jpg
100.06.24 12:27 B D:\A WEB SITE\images\taylor4.jpg --> www.webster.edu /usr/home/corbetre/public_html/images taylor4.jpg
100.06.24 12:28 B D:\A WEB SITE\images\taylor5.jpg --> www.webster.edu /usr/home/corbetre/public_html/images taylor5.jpg
100.06.25 10:13 B D:\A WEB SITE\images\jeremiah-s.jpg --> www.webster.edu /usr/home/corbetre/public_html/images jeremiah-s.jpg
100.06.25 10:14 B D:\A WEB SITE\images\johnp.jpg --> www.webster.edu /usr/home/corbetre/public_html/images johnp.jpg
100.06.25 10:14 B D:\A WEB SITE\images\moser-47-wed.jpg --> www.webster.edu /usr/home/corbetre/public_html/images moser-47-wed.jpg
100.06.25 10:16 B D:\A WEB SITE\images\robert-c.jpg --> www.webster.edu /usr/home/corbetre/public_html/images robert-c.jpg
100.06.27 22:37 B D:\A WEB SITE\images\westend.jpg --> www.webster.edu /usr/home/corbetre/public_html/images westend.jpg
100.06.27 22:38 B D:\A WEB SITE\images\westendred.jpg --> www.webster.edu /usr/home/corbetre/public_html/images westendred.jpg
100.06.28 13:52 B D:\A WEB SITE\images\taylor5.jpg --> www.webster.edu /usr/home/corbetre/public_html/images taylor5.jpg
100.06.30 12:17 B D:\A WEB SITE\images\class31-5th.jpg --> www.webster.edu /usr/home/corbetre/public_html/images class31-5th.jpg
100.06.30 14:13 B D:\A WEB SITE\images\class53-easter.jpg --> www.webster.edu /usr/home/corbetre/public_html/images class53-easter.jpg
100.07.01 00:18 B D:\A WEB SITE\images\ambrose1.jpg --> www.webster.edu /usr/home/corbetre/public_html/images ambrose1.jpg
100.07.01 00:18 B D:\A WEB SITE\images\ambrose2.jpg --> www.webster.edu /usr/home/corbetre/public_html/images ambrose2.jpg
100.07.01 00:19 B D:\A WEB SITE\images\cleary1.jpg --> www.webster.edu /usr/home/corbetre/public_html/images cleary1.jpg
100.07.01 00:20 B D:\A WEB SITE\images\cleary2.jpg --> www.webster.edu /usr/home/corbetre/public_html/images cleary2.jpg
100.07.01 00:20 B D:\A WEB SITE\images\cleary3.jpg --> www.webster.edu /usr/home/corbetre/public_html/images cleary3.jpg
100.07.01 18:25 B D:\A WEB SITE\images\ambrose-1a.jpg --> www.webster.edu /usr/home/corbetre/public_html/images ambrose-1a.jpg
100.07.01 18:26 B D:\A WEB SITE\images\ambrose-2a.jpg --> www.webster.edu /usr/home/corbetre/public_html/images ambrose-2a.jpg
100.07.01 18:26 B D:\A WEB SITE\images\ambrose2.jpg --> www.webster.edu /usr/home/corbetre/public_html/images ambrose2.jpg
100.07.01 18:28 B D:\A WEB SITE\images\grimm.jpg --> www.webster.edu /usr/home/corbetre/public_html/images grimm.jpg
100.07.01 18:28 B D:\A WEB SITE\images\mcnab.jpg --> www.webster.edu /usr/home/corbetre/public_html/images mcnab.jpg
100.07.01 18:42 B D:\A WEB SITE\images\ambrose-1b.jpg --> www.webster.edu /usr/home/corbetre/public_html/images ambrose-1b.jpg
100.07.02 17:17 B D:\A WEB SITE\images\schum.jpg --> www.webster.edu /usr/home/corbetre/public_html/images schum.jpg
100.07.02 17:18 B D:\A WEB SITE\images\stars-42.jpg --> www.webster.edu /usr/home/corbetre/public_html/images stars-42.jpg
100.07.02 21:01 B D:\A WEB SITE\images\elrey-1.jpg --> www.webster.edu /usr/home/corbetre/public_html/images elrey-1.jpg
100.07.02 21:01 B D:\A WEB SITE\images\elrey-2.jpg --> www.webster.edu /usr/home/corbetre/public_html/images elrey-2.jpg
100.07.02 21:02 B D:\A WEB SITE\images\elrey-team.jpg --> www.webster.edu /usr/home/corbetre/public_html/images elrey-team.jpg
100.07.03 15:43 B D:\A WEB SITE\images\elrey-3.jpg --> www.webster.edu /usr/home/corbetre/public_html/images elrey-3.jpg
100.07.03 15:53 B D:\A WEB SITE\images\elrey-3a.jpg --> www.webster.edu /usr/home/corbetre/public_html/images elrey-3a.jpg
100.07.03 16:32 B D:\A WEB SITE\images\elrey-3b.jpg --> www.webster.edu /usr/home/corbetre/public_html/images elrey-3b.jpg
100.07.04 19:01 B D:\A WEB SITE\images\most-val.jpg --> www.webster.edu /usr/home/corbetre/public_html/images most-val.jpg
100.07.04 19:03 B D:\A WEB SITE\images\elrey-4.jpg --> www.webster.edu /usr/home/corbetre/public_html/images elrey-4.jpg
100.07.04 19:04 B D:\A WEB SITE\images\elrey-5.jpg --> www.webster.edu /usr/home/corbetre/public_html/images elrey-5.jpg
100.07.04 19:05 B D:\A WEB SITE\images\elrey-6.jpg --> www.webster.edu /usr/home/corbetre/public_html/images elrey-6.jpg
100.07.04 19:05 B D:\A WEB SITE\images\elrey-team.jpg --> www.webster.edu /usr/home/corbetre/public_html/images elrey-team.jpg
100.07.05 12:03 B D:\A WEB SITE\images\raft-1.jpg --> www.webster.edu /usr/home/corbetre/public_html/images raft-1.jpg
100.07.05 12:03 B D:\A WEB SITE\images\slugs.jpg --> www.webster.edu /usr/home/corbetre/public_html/images slugs.jpg
100.07.06 16:36 B D:\A WEB SITE\images\46-stars.jpg --> www.webster.edu /usr/home/corbetre/public_html/images 46-stars.jpg
100.07.06 16:39 B D:\A WEB SITE\images\46-stars.jpg --> www.webster.edu /usr/home/corbetre/public_html/images 46-stars.jpg
100.07.06 16:39 B D:\A WEB SITE\images\bayern-1.jpg --> www.webster.edu /usr/home/corbetre/public_html/images bayern-1.jpg
100.07.06 16:40 B D:\A WEB SITE\images\bayern-2a.jpg --> www.webster.edu /usr/home/corbetre/public_html/images bayern-2a.jpg
100.07.06 16:41 B D:\A WEB SITE\images\raiders-1.jpg --> www.webster.edu /usr/home/corbetre/public_html/images raiders-1.jpg
100.07.06 16:42 B D:\A WEB SITE\images\stars-46a.jpg --> www.webster.edu /usr/home/corbetre/public_html/images stars-46a.jpg
100.07.06 16:43 B D:\A WEB SITE\images\raiders-2.jpg --> www.webster.edu /usr/home/corbetre/public_html/images raiders-2.jpg
100.07.06 16:58 B D:\A WEB SITE\images\raider-1a.jpg --> www.webster.edu /usr/home/corbetre/public_html/images raider-1a.jpg
100.07.06 22:52 B D:\A WEB SITE\images\dg-1.jpg --> www.webster.edu /usr/home/corbetre/public_html/images dg-1.jpg
100.07.06 22:52 B D:\A WEB SITE\images\dg-2.jpg --> www.webster.edu /usr/home/corbetre/public_html/images dg-2.jpg
100.07.06 22:53 B D:\A WEB SITE\images\raiders-3.jpg --> www.webster.edu /usr/home/corbetre/public_html/images raiders-3.jpg
100.07.06 22:53 B D:\A WEB SITE\images\raiders-4.jpg --> www.webster.edu /usr/home/corbetre/public_html/images raiders-4.jpg
100.07.06 22:54 B D:\A WEB SITE\images\say.jpg --> www.webster.edu /usr/home/corbetre/public_html/images say.jpg
100.07.06 22:54 B D:\A WEB SITE\images\schulte.jpg --> www.webster.edu /usr/home/corbetre/public_html/images schulte.jpg
100.07.09 20:30 B D:\A WEB SITE\images\band.jpg --> www.webster.edu /usr/home/corbetre/public_html/images band.jpg
100.07.14 16:15 B D:\A WEB SITE\images\class55a.jpg --> www.webster.edu /usr/home/corbetre/public_html/images class55a.jpg
100.07.15 13:10 B D:\A WEB SITE\images\class47-8th.jpg --> www.webster.edu /usr/home/corbetre/public_html/images class47-8th.jpg
100.07.26 20:53 B D:\A WEB SITE\images\laclede.jpg --> www.webster.edu /usr/home/corbetre/public_html/images laclede.jpg
100.07.31 23:00 B D:\A WEB SITE\images\class70-6th.jpg --> www.webster.edu /usr/home/corbetre/public_html/images class70-6th.jpg
100.07.31 23:00 B D:\A WEB SITE\images\class70-bb.jpg --> www.webster.edu /usr/home/corbetre/public_html/images class70-bb.jpg
100.07.31 23:01 B D:\A WEB SITE\images\class70b.jpg --> www.webster.edu /usr/home/corbetre/public_html/images class70b.jpg
100.07.31 23:01 B D:\A WEB SITE\images\class70c-7th.jpg --> www.webster.edu /usr/home/corbetre/public_html/images class70c-7th.jpg
100.08.03 17:29 B D:\A WEB SITE\images\class70-basket.jpg --> www.webster.edu /usr/home/corbetre/public_html/images class70-basket.jpg
100.08.03 17:32 B D:\A WEB SITE\images\kraft.gif <-- My Home Page /usr/home/corbetre/public_html/images kraft.gif
100.08.05 23:53 B D:\A WEB SITE\images\1875-gratiot-close.jpg --> www.webster.edu /usr/home/corbetre/public_html/images 1875-gratiot-close.jpg
100.08.05 23:56 B D:\A WEB SITE\images\1875-gratiot-red.jpg --> www.webster.edu /usr/home/corbetre/public_html/images 1875-gratiot-red.jpg
100.08.05 23:56 B D:\A WEB SITE\images\gratiot-1house.jpg --> www.webster.edu /usr/home/corbetre/public_html/images gratiot-1house.jpg
100.08.05 23:57 B D:\A WEB SITE\images\gratiot-3parts.jpg --> www.webster.edu /usr/home/corbetre/public_html/images gratiot-3parts.jpg
100.08.05 23:58 B D:\A WEB SITE\images\gratiot-henry.jpg --> www.webster.edu /usr/home/corbetre/public_html/images gratiot-henry.jpg
100.08.05 23:58 B D:\A WEB SITE\images\gratiot-house2.jpg --> www.webster.edu /usr/home/corbetre/public_html/images gratiot-house2.jpg
100.08.05 23:59 B D:\A WEB SITE\images\gratiot-house3.jpg --> www.webster.edu /usr/home/corbetre/public_html/images gratiot-house3.jpg
100.08.05 23:59 B D:\A WEB SITE\images\gratiot-old-chas.jpg --> www.webster.edu /usr/home/corbetre/public_html/images gratiot-old-chas.jpg
100.08.06 00:00 B D:\A WEB SITE\images\gratiot-young-chas.jpg --> www.webster.edu /usr/home/corbetre/public_html/images gratiot-young-chas.jpg
100.08.06 00:03 B D:\A WEB SITE\images\league-borders.jpg --> www.webster.edu /usr/home/corbetre/public_html/images league-borders.jpg
100.08.06 00:04 B D:\A WEB SITE\images\league.jpg --> www.webster.edu /usr/home/corbetre/public_html/images league.jpg
100.08.15 00:07 B D:\A WEB SITE\images\map-75.jpg --> www.webster.edu /usr/home/corbetre/public_html/images map-75.jpg
100.08.16 02:20 B D:\A WEB SITE\images\hist-precis-1.jpg --> www.webster.edu /usr/home/corbetre/public_html/images hist-precis-1.jpg
100.08.16 02:21 B D:\A WEB SITE\images\hist-precis-2a.jpg --> www.webster.edu /usr/home/corbetre/public_html/images hist-precis-2a.jpg
100.08.18 05:11 B D:\A WEB SITE\images\precis-1.jpg --> www.webster.edu /usr/home/corbetre/public_html/images precis-1.jpg
100.08.18 05:11 B D:\A WEB SITE\images\precis-2.jpg --> www.webster.edu /usr/home/corbetre/public_html/images precis-2.jpg
100.08.19 01:31 B D:\A WEB SITE\images\class62a.jpg --> www.webster.edu /usr/home/corbetre/public_html/images class62a.jpg
100.08.19 01:31 B D:\A WEB SITE\images\class62b.jpg --> www.webster.edu /usr/home/corbetre/public_html/images class62b.jpg
100.08.21 11:40 B D:\A WEB SITE\images\32-cent.jpg --> www.webster.edu /usr/home/corbetre/public_html/images 32-cent.jpg
100.08.22 08:45 B D:\A WEB SITE\images\56-tad.jpg --> www.webster.edu /usr/home/corbetre/public_html/images 56-tad.jpg
100.09.02 04:14 B D:\A WEB SITE\images\class61-k.jpg --> www.webster.edu /usr/home/corbetre/public_html/images class61-k.jpg
100.09.30 16:16 B D:\A WEB SITE\images\class09a.jpg --> www.webster.edu /usr/home/corbetre/public_html/images class09a.jpg
100.09.30 16:24 B D:\A WEB SITE\images\class-09a.jpg --> www.webster.edu /usr/home/corbetre/public_html/images class-09a.jpg
100.09.30 16:28 B D:\A WEB SITE\images\class06a.jpg --> www.webster.edu /usr/home/corbetre/public_html/images class06a.jpg
100.09.30 16:28 B D:\A WEB SITE\images\class-10a.jpg --> www.webster.edu /usr/home/corbetre/public_html/images class-10a.jpg
100.09.30 16:28 B D:\A WEB SITE\images\class11a.jpg --> www.webster.edu /usr/home/corbetre/public_html/images class11a.jpg
100.09.30 16:39 B D:\A WEB SITE\images\class10a.jpg --> www.webster.edu /usr/home/corbetre/public_html/images class10a.jpg
100.09.30 16:42 B D:\A WEB SITE\images\class10a.jpg --> www.webster.edu /usr/home/corbetre/public_html/images class10a.jpg
100.09.30 16:43 B D:\A WEB SITE\images\class11-a.jpg --> www.webster.edu /usr/home/corbetre/public_html/images class11-a.jpg
100.09.30 16:51 B D:\A WEB SITE\images\class07a.jpg --> www.webster.edu /usr/home/corbetre/public_html/images class07a.jpg
100.10.01 08:01 B D:\A WEB SITE\images\class06.jpg --> www.webster.edu /usr/home/corbetre/public_html/images class06.jpg
100.10.01 08:02 B D:\A WEB SITE\images\class08.jpg --> www.webster.edu /usr/home/corbetre/public_html/images class08.jpg
100.10.01 08:03 B D:\A WEB SITE\images\class15a.jpg --> www.webster.edu /usr/home/corbetre/public_html/images class15a.jpg
100.10.01 08:04 B D:\A WEB SITE\images\class13a.jpg --> www.webster.edu /usr/home/corbetre/public_html/images class13a.jpg
100.10.06 20:51 B D:\A WEB SITE\images\class2000a.jpg --> www.webster.edu /usr/home/corbetre/public_html/images class2000a.jpg
100.10.06 20:52 B D:\A WEB SITE\images\class70-reu-2.jpg --> www.webster.edu /usr/home/corbetre/public_html/images class70-reu-2.jpg
100.10.06 20:52 B D:\A WEB SITE\images\class70-reu-3.jpg --> www.webster.edu /usr/home/corbetre/public_html/images class70-reu-3.jpg
100.10.06 20:53 B D:\A WEB SITE\images\class70-reu.jpg --> www.webster.edu /usr/home/corbetre/public_html/images class70-reu.jpg
100.10.06 20:54 B D:\A WEB SITE\images\dolan-team.jpg --> www.webster.edu /usr/home/corbetre/public_html/images dolan-team.jpg
100.10.06 20:54 B D:\A WEB SITE\images\hense-a.jpg --> www.webster.edu /usr/home/corbetre/public_html/images hense-a.jpg
100.11.04 12:46 B D:\A WEB SITE\images\mines.jpg --> www.webster.edu /usr/home/corbetre/public_html/images mines.jpg
100.11.09 18:49 B D:\A WEB SITE\images\class26a.jpg --> www.webster.edu /usr/home/corbetre/public_html/images class26a.jpg
100.11.09 18:53 B D:\A WEB SITE\images\class27-aa.jpg <-- My Home Page /usr/home/corbetre/public_html/images class27-aa.jpg
100.11.09 18:55 B D:\A WEB SITE\images\class27bb.jpg. <-- My Home Page /usr/home/corbetre/public_html/images class27bb.jpg.
100.11.21 18:20 B D:\A WEB SITE\images\dewey-77a.gif --> www.webster.edu /usr/home/corbetre/public_html/images dewey-77a.gif
100.11.21 19:42 B D:\A WEB SITE\images\namechange.jpg --> www.webster.edu /usr/home/corbetre/public_html/images namechange.jpg
100.11.22 17:19 B D:\A WEB SITE\images\picnic.jpg --> www.webster.edu /usr/home/corbetre/public_html/images picnic.jpg
100.11.22 21:15 B D:\A WEB SITE\images\parade-47.jpg --> www.webster.edu /usr/home/corbetre/public_html/images parade-47.jpg
100.11.24 00:32 B D:\A WEB SITE\images\class48b.jpg --> www.webster.edu /usr/home/corbetre/public_html/images class48b.jpg
100.11.24 09:03 B D:\A WEB SITE\images\class48d.jpg --> www.webster.edu /usr/home/corbetre/public_html/images class48d.jpg
100.12.01 17:27 B D:\A WEB SITE\images\class58-dip.jpg --> www.webster.edu /usr/home/corbetre/public_html/images class58-dip.jpg
100.12.01 17:27 B D:\A WEB SITE\images\class58-k.jpg --> www.webster.edu /usr/home/corbetre/public_html/images class58-k.jpg
100.12.01 17:28 B D:\A WEB SITE\images\class58-ka.jpg --> www.webster.edu /usr/home/corbetre/public_html/images class58-ka.jpg
100.12.01 17:28 B D:\A WEB SITE\images\class58-kb.jpg --> www.webster.edu /usr/home/corbetre/public_html/images class58-kb.jpg
100.12.01 17:28 B D:\A WEB SITE\images\class58a-3rd.jpg --> www.webster.edu /usr/home/corbetre/public_html/images class58a-3rd.jpg
100.12.01 17:29 B D:\A WEB SITE\images\class58a.jpg --> www.webster.edu /usr/home/corbetre/public_html/images class58a.jpg
100.12.01 17:29 B D:\A WEB SITE\images\class58b.jpg --> www.webster.edu /usr/home/corbetre/public_html/images class58b.jpg
100.12.02 13:07 B D:\A WEB SITE\images\class58d.jpg --> www.webster.edu /usr/home/corbetre/public_html/images class58d.jpg
101.05.02 23:09 B D:\A WEB SITE\images\class58e.jpg --> www.webster.edu /usr/home/corbetre/public_html/images class58e.jpg
101.05.03 10:16 B D:\A WEB SITE\images\class58-kl.jpg --> www.webster.edu /usr/home/corbetre/public_html/images class58-kl.jpg
101.05.03 10:19 B D:\A WEB SITE\images\class58-kr.jpg --> www.webster.edu /usr/home/corbetre/public_html/images class58-kr.jpg
101.05.03 10:20 B D:\A WEB SITE\images\class58b-3rd.jpg --> www.webster.edu /usr/home/corbetre/public_html/images class58b-3rd.jpg
101.05.03 10:29 B D:\A WEB SITE\images\class58-3c.jpg --> www.webster.edu /usr/home/corbetre/public_html/images class58-3c.jpg
101.05.03 17:34 B D:\A WEB SITE\images\class43a.jpg --> www.webster.edu /usr/home/corbetre/public_html/images class43a.jpg
101.05.03 17:54 B D:\A WEB SITE\images\class43b.jpg --> www.webster.edu /usr/home/corbetre/public_html/images class43b.jpg
100.12.08 00:15 B D:\A WEB SITE\images\dewey-64a.jpg --> www.webster.edu /usr/home/corbetre/public_html dewey-64a.jpg
100.12.08 00:15 B D:\A WEB SITE\images\dewey-64a.jpg --> www.webster.edu /usr/home/corbetre/public_html/images dewey-64a.jpg
100.12.22 20:00 B D:\A WEB SITE\images\tom-xmas2000.jpg --> www.webster.edu /usr/home/corbetre/public_html/images tom-xmas2000.jpg
100.12.22 20:28 B D:\A WEB SITE\images\janie-xmas2000.jpg --> www.webster.edu /usr/home/corbetre/public_html/images janie-xmas2000.jpg
100.12.26 08:15 B D:\A WEB SITE\images\brian-rocks.jpg --> www.webster.edu /usr/home/corbetre/public_html/images brian-rocks.jpg
100.12.26 08:16 B D:\A WEB SITE\images\fam-whole-2000.jpg --> www.webster.edu /usr/home/corbetre/public_html/images fam-whole-2000.jpg
100.12.26 08:17 B D:\A WEB SITE\images\group-2000.jpg --> www.webster.edu /usr/home/corbetre/public_html/images group-2000.jpg
100.12.26 08:17 B D:\A WEB SITE\images\hanlen-beam.jpg --> www.webster.edu /usr/home/corbetre/public_html/images hanlen-beam.jpg
100.12.26 08:17 B D:\A WEB SITE\images\hanlen-kids.jpg --> www.webster.edu /usr/home/corbetre/public_html/images hanlen-kids.jpg
100.12.26 08:18 B D:\A WEB SITE\images\hanlen-metro.jpg --> www.webster.edu /usr/home/corbetre/public_html/images hanlen-metro.jpg
100.12.26 08:19 B D:\A WEB SITE\images\joe-fam2000.jpg --> www.webster.edu /usr/home/corbetre/public_html/images joe-fam2000.jpg
100.12.26 08:19 B D:\A WEB SITE\images\steeple.jpg --> www.webster.edu /usr/home/corbetre/public_html/images steeple.jpg
100.12.26 18:40 B D:\A WEB SITE\images\track-1907.jpg --> www.webster.edu /usr/home/corbetre/public_html/images track-1907.jpg
101.01.15 22:45 B D:\A WEB SITE\images\class68a.jpg --> www.webster.edu /usr/home/corbetre/public_html/images class68a.jpg
101.01.27 22:03 B D:\A WEB SITE\images\class63-ka.jpg --> www.webster.edu /usr/home/corbetre/public_html/images class63-ka.jpg
101.01.28 22:50 B D:\A WEB SITE\images\class63-k3.jpg --> www.webster.edu /usr/home/corbetre/public_html/images class63-k3.jpg
101.01.28 22:50 B D:\A WEB SITE\images\dewey-77b.jpg --> www.webster.edu /usr/home/corbetre/public_html/images dewey-77b.jpg
101.03.11 10:49 B D:\A WEB SITE\images\class51a.jpg --> www.webster.edu /usr/home/corbetre/public_html/images class51a.jpg
101.03.15 09:27 B D:\A WEB SITE\images\jour-2001a.jpg --> www.webster.edu /usr/home/corbetre/public_html/images jour-2001a.jpg
101.03.15 10:10 B D:\A WEB SITE\images\jour-2001a.jpg --> www.webster.edu /usr/home/corbetre/public_html/images jour-2001a.jpg
101.03.15 10:19 B D:\A WEB SITE\images\jour-2001b.jpg --> www.webster.edu /usr/home/corbetre/public_html/images jour-2001b.jpg
101.03.16 09:04 B D:\A WEB SITE\images\jour-2001-2b.jpg --> www.webster.edu /usr/home/corbetre/public_html/images jour-2001-2b.jpg
101.03.16 09:05 B D:\A WEB SITE\images\jour-2001-c.jpg --> www.webster.edu /usr/home/corbetre/public_html/images jour-2001-c.jpg
101.03.16 09:05 B D:\A WEB SITE\images\jour-2001-d.jpg --> www.webster.edu /usr/home/corbetre/public_html/images jour-2001-d.jpg
101.03.16 09:06 B D:\A WEB SITE\images\jour-2001-ia.jpg --> www.webster.edu /usr/home/corbetre/public_html/images jour-2001-ia.jpg
101.03.23 10:03 B D:\A WEB SITE\images\jour-2001-1a.jpg --> www.webster.edu /usr/home/corbetre/public_html/images jour-2001-1a.jpg
101.03.23 10:04 B D:\A WEB SITE\images\jour-2001-3a.jpg --> www.webster.edu /usr/home/corbetre/public_html/images jour-2001-3a.jpg
101.03.23 10:04 B D:\A WEB SITE\images\jour-2001-4a.jpg --> www.webster.edu /usr/home/corbetre/public_html/images jour-2001-4a.jpg
101.05.25 18:06 A D:\A WEB SITE\images\grocery.jpg --> www.webster.edu /usr/home/corbetre/public_html/images grocery.jpg
101.05.25 18:11 B D:\A WEB SITE\images\grocery.jpg --> www.webster.edu /usr/home/corbetre/public_html/images grocery.jpg
101.06.08 18:10 B D:\A WEB SITE\images\class74a.jpg --> www.webster.edu /usr/home/corbetre/public_html/images class74a.jpg
101.06.08 18:10 B D:\A WEB SITE\images\class74b.jpg --> www.webster.edu /usr/home/corbetre/public_html/images class74b.jpg
101.06.08 18:27 B D:\A WEB SITE\images\class74b-2.jpg --> www.webster.edu /usr/home/corbetre/public_html/images class74b-2.jpg
101.06.08 18:46 B D:\A WEB SITE\images\class74a-2.jpg --> www.webster.edu /usr/home/corbetre/public_html/images class74a-2.jpg
101.08.21 10:27 B D:\A WEB SITE\images\class35a.jpg --> www.webster.edu /usr/home/corbetre/public_html/images class35a.jpg
101.08.22 12:24 B D:\A WEB SITE\images\leisure-55.jpg --> www.webster.edu /usr/home/corbetre/public_html/images leisure-55.jpg
101.08.22 13:14 B D:\A WEB SITE\images\bill-soccer.jpg --> www.webster.edu /usr/home/corbetre/public_html/images bill-soccer.jpg
101.08.23 08:14 B D:\A WEB SITE\images\class35b.jpg --> www.webster.edu /usr/home/corbetre/public_html/images class35b.jpg
101.08.23 08:30 B D:\A WEB SITE\images\mcevoy.jpg --> www.webster.edu /usr/home/corbetre/public_html/images mcevoy.jpg
101.08.23 10:34 B D:\A WEB SITE\images\class06a.gif --> www.webster.edu /usr/home/corbetre/public_html/images class06a.gif
101.08.23 10:34 B D:\A WEB SITE\images\class07b.jpg --> www.webster.edu /usr/home/corbetre/public_html/images class07b.jpg
101.08.23 10:34 B D:\A WEB SITE\images\class08a.jpg --> www.webster.edu /usr/home/corbetre/public_html/images class08a.jpg
101.08.28 08:11 B D:\A WEB SITE\images\softball38.gif <-- gu8l7ag5 /usr/home/corbetre/public_html/images softball38.gif
101.08.28 12:00 B D:\A WEB SITE\images\schmidt.jpg --> www.webster.edu /usr/home/corbetre/public_html/images schmidt.jpg
101.08.30 09:50 B D:\A WEB SITE\images\map-75a.jpg --> www.webster.edu /usr/home/corbetre/public_html/images map-75a.jpg
101.08.30 09:51 B D:\A WEB SITE\images\pj-11a.jpg --> www.webster.edu /usr/home/corbetre/public_html/images pj-11a.jpg
101.08.30 09:51 B D:\A WEB SITE\images\pj-12b.jpg --> www.webster.edu /usr/home/corbetre/public_html/images pj-12b.jpg
101.08.30 09:52 B D:\A WEB SITE\images\pj-15.jpg --> www.webster.edu /usr/home/corbetre/public_html/images pj-15.jpg
101.08.30 09:52 B D:\A WEB SITE\images\pj-17.jpg --> www.webster.edu /usr/home/corbetre/public_html/images pj-17.jpg
101.08.30 09:52 B D:\A WEB SITE\images\pj-19.jpg --> www.webster.edu /usr/home/corbetre/public_html/images pj-19.jpg
101.08.30 09:52 B D:\A WEB SITE\images\pj-21.jpg --> www.webster.edu /usr/home/corbetre/public_html/images pj-21.jpg
101.08.30 09:52 B D:\A WEB SITE\images\pj-22.jpg --> www.webster.edu /usr/home/corbetre/public_html/images pj-22.jpg
101.08.30 09:53 B D:\A WEB SITE\images\pj-24.jpg --> www.webster.edu /usr/home/corbetre/public_html/images pj-24.jpg
101.08.30 09:53 B D:\A WEB SITE\images\pj-26.jpg --> www.webster.edu /usr/home/corbetre/public_html/images pj-26.jpg
101.08.30 09:53 B D:\A WEB SITE\images\pj-2a.jpg --> www.webster.edu /usr/home/corbetre/public_html/images pj-2a.jpg
101.08.30 09:53 B D:\A WEB SITE\images\pj-3a.jpg --> www.webster.edu /usr/home/corbetre/public_html/images pj-3a.jpg
101.08.30 09:54 B D:\A WEB SITE\images\pj-5.jpg --> www.webster.edu /usr/home/corbetre/public_html/images pj-5.jpg
101.08.30 09:54 B D:\A WEB SITE\images\pj-50.jpg --> www.webster.edu /usr/home/corbetre/public_html/images pj-50.jpg
101.08.30 09:54 B D:\A WEB SITE\images\pj-51.jpg --> www.webster.edu /usr/home/corbetre/public_html/images pj-51.jpg
101.08.30 09:55 B D:\A WEB SITE\images\pj-cover.jpg --> www.webster.edu /usr/home/corbetre/public_html/images pj-cover.jpg
101.08.30 09:55 B D:\A WEB SITE\images\pj-cover.jpg --> www.webster.edu /usr/home/corbetre/public_html/images pj-cover.jpg
101.08.30 10:08 B D:\A WEB SITE\images\pj-11b.jpg --> www.webster.edu /usr/home/corbetre/public_html/images pj-11b.jpg
101.08.30 10:09 B D:\A WEB SITE\images\pj-12a.jpg --> www.webster.edu /usr/home/corbetre/public_html/images pj-12a.jpg
101.08.30 10:09 B D:\A WEB SITE\images\pj-15a.jpg --> www.webster.edu /usr/home/corbetre/public_html/images pj-15a.jpg
101.08.30 10:13 B D:\A WEB SITE\images\pj-15c.jpg --> www.webster.edu /usr/home/corbetre/public_html/images pj-15c.jpg
101.08.30 15:41 B D:\A WEB SITE\images\pj-30.jpg --> www.webster.edu /usr/home/corbetre/public_html/images pj-30.jpg
101.08.30 15:41 B D:\A WEB SITE\images\pj-32a.jpg --> www.webster.edu /usr/home/corbetre/public_html/images pj-32a.jpg
101.08.30 15:41 B D:\A WEB SITE\images\pj-32b.jpg --> www.webster.edu /usr/home/corbetre/public_html/images pj-32b.jpg
101.08.30 15:41 B D:\A WEB SITE\images\pj-33.jpg --> www.webster.edu /usr/home/corbetre/public_html/images pj-33.jpg
101.08.30 15:41 B D:\A WEB SITE\images\pj-35a.jpg --> www.webster.edu /usr/home/corbetre/public_html/images pj-35a.jpg
101.08.30 15:42 B D:\A WEB SITE\images\pj-35b.jpg --> www.webster.edu /usr/home/corbetre/public_html/images pj-35b.jpg
101.08.30 15:42 B D:\A WEB SITE\images\pj-36a.jpg --> www.webster.edu /usr/home/corbetre/public_html/images pj-36a.jpg
101.08.30 15:42 B D:\A WEB SITE\images\pj-36b.jpg --> www.webster.edu /usr/home/corbetre/public_html/images pj-36b.jpg
101.08.30 15:43 B D:\A WEB SITE\images\pj-37.jpg --> www.webster.edu /usr/home/corbetre/public_html/images pj-37.jpg
101.08.30 15:43 B D:\A WEB SITE\images\pj-37b.jpg --> www.webster.edu /usr/home/corbetre/public_html/images pj-37b.jpg
101.08.30 15:43 B D:\A WEB SITE\images\pj-41.jpg --> www.webster.edu /usr/home/corbetre/public_html/images pj-41.jpg
101.08.30 15:43 B D:\A WEB SITE\images\pj-43.jpg --> www.webster.edu /usr/home/corbetre/public_html/images pj-43.jpg
101.08.30 15:43 B D:\A WEB SITE\images\pj-45.jpg --> www.webster.edu /usr/home/corbetre/public_html/images pj-45.jpg
101.08.30 15:44 B D:\A WEB SITE\images\pj-46.jpg --> www.webster.edu /usr/home/corbetre/public_html/images pj-46.jpg
101.08.30 15:44 B D:\A WEB SITE\images\pj34a.jpg --> www.webster.edu /usr/home/corbetre/public_html/images pj34a.jpg
101.08.30 15:44 B D:\A WEB SITE\images\pj34b.jpg --> www.webster.edu /usr/home/corbetre/public_html/images pj34b.jpg
101.08.30 19:48 B D:\A WEB SITE\images\pj-37e.jpg --> www.webster.edu /usr/home/corbetre pj-37e.jpg
101.08.30 19:49 B D:\A WEB SITE\images\pj-46a.jpg --> www.webster.edu /usr/home/corbetre/public_html/images pj-46a.jpg
101.08.30 19:49 B D:\A WEB SITE\images\pj-53a.jpg --> www.webster.edu /usr/home/corbetre/public_html/images pj-53a.jpg
101.08.30 19:50 B D:\A WEB SITE\images\pj-37e.jpg --> www.webster.edu /usr/home/corbetre/public_html/images pj-37e.jpg
101.09.01 11:23 B D:\A WEB SITE\images\class37d.jpg --> www.webster.edu /usr/home/corbetre/public_html/images class37d.jpg
101.09.01 11:24 B D:\A WEB SITE\images\class37b.gif --> www.webster.edu /usr/home/corbetre/public_html/images class37b.gif
101.09.01 13:18 B D:\A WEB SITE\images\class23-5th.jpg --> www.webster.edu /usr/home/corbetre/public_html/images class23-5th.jpg
101.09.01 13:23 B D:\A WEB SITE\images\class35-1st.jpg --> www.webster.edu /usr/home/corbetre/public_html/images class35-1st.jpg
101.09.01 13:24 B D:\A WEB SITE\images\b-i-bowl.jpg --> www.webster.edu /usr/home/corbetre/public_html/images b-i-bowl.jpg
101.09.01 13:26 B D:\A WEB SITE\images\class20c.jpg --> www.webster.edu /usr/home/corbetre/public_html/images class20c.jpg
101.09.01 13:38 B D:\A WEB SITE\images\class20-8th.jpg --> www.webster.edu /usr/home/corbetre/public_html/images class20-8th.jpg
101.09.01 13:41 B D:\A WEB SITE\images\class37d.jpg --> www.webster.edu /usr/home/corbetre/public_html/images class37d.jpg
101.09.01 13:45 B D:\A WEB SITE\images\early-st-j.jpg --> www.webster.edu /usr/home/corbetre/public_html/images early-st-j.jpg
101.09.02 09:52 B D:\A WEB SITE\images\64-4th-dewey.jpg --> www.webster.edu /usr/home/corbetre/public_html/images 64-4th-dewey.jpg
101.09.02 09:52 B D:\A WEB SITE\images\64-8th-dewey.jpg --> www.webster.edu /usr/home/corbetre/public_html/images 64-8th-dewey.jpg
101.09.28 23:28 B D:\A WEB SITE\images\class29-grad.jpg --> www.webster.edu /usr/home/corbetre/public_html/images class29-grad.jpg
101.10.27 10:25 B D:\A WEB SITE\images\meg-1.jpg --> www.webster.edu /usr/home/corbetre/public_html/images meg-1.jpg
101.10.27 10:26 B D:\A WEB SITE\images\meg-2.jpg --> www.webster.edu /usr/home/corbetre/public_html/images meg-2.jpg
101.10.27 10:26 B D:\A WEB SITE\images\meg-3.jpg --> www.webster.edu /usr/home/corbetre/public_html/images meg-3.jpg
101.11.03 21:15 B D:\A WEB SITE\images\irish-mail.jpg --> www.webster.edu /usr/home/corbetre/public_html/images irish-mail.jpg
101.11.05 10:59 B D:\A WEB SITE\images\germans.jpg --> www.webster.edu /usr/home/corbetre/public_html/images germans.jpg
101.11.09 00:44 B D:\A WEB SITE\images\class12a.jpg --> www.webster.edu /usr/home/corbetre/public_html/images class12a.jpg
101.11.17 23:26 B D:\A WEB SITE\images\map-1890.jpg --> www.webster.edu /usr/home/corbetre/public_html/images map-1890.jpg
101.11.18 22:03 B D:\A WEB SITE\images\jewish.jpg --> www.webster.edu /usr/home/corbetre/public_html/images jewish.jpg
101.11.21 11:03 B D:\A WEB SITE\images\jewish-1.jpg --> www.webster.edu /usr/home/corbetre/public_html/images jewish-1.jpg
101.11.21 11:04 B D:\A WEB SITE\images\jewish-2.jpg --> www.webster.edu /usr/home/corbetre/public_html/images jewish-2.jpg
101.11.21 12:05 B D:\A WEB SITE\images\jewish-3.jpg --> www.webster.edu /usr/home/corbetre/public_html/images jewish-3.jpg
101.12.09 13:40 B D:\A WEB SITE\images\sheas.gif <-- NwoTgoD /usr/home/corbetre/public_html/images sheas.gif
101.12.09 13:40 B D:\A WEB SITE\images\bottleinn.jpg --> www.webster.edu /usr/home/corbetre/public_html/images bottleinn.jpg
101.12.09 13:41 B D:\A WEB SITE\images\golf-53a.jpg --> www.webster.edu /usr/home/corbetre/public_html/images golf-53a.jpg
101.12.09 13:41 B D:\A WEB SITE\images\sheas-2.jpg --> www.webster.edu /usr/home/corbetre/public_html/images sheas-2.jpg
101.12.09 15:38 B D:\A WEB SITE\images\dolan.jpg <-- NwoTgoD /usr/home/corbetre/public_html/images dolan.jpg
101.12.09 15:38 B D:\A WEB SITE\images\randall-front.jpg --> www.webster.edu /usr/home/corbetre/public_html/images randall-front.jpg
101.12.09 15:39 B D:\A WEB SITE\images\randall-young.jpg --> www.webster.edu /usr/home/corbetre/public_html/images randall-young.jpg
101.12.09 15:39 B D:\A WEB SITE\images\white-early.jpg --> www.webster.edu /usr/home/corbetre/public_html/images white-early.jpg
101.12.09 15:39 B D:\A WEB SITE\images\white-front.jpg --> www.webster.edu /usr/home/corbetre/public_html/images white-front.jpg
101.12.09 15:39 B D:\A WEB SITE\images\white-graham.jpg --> www.webster.edu /usr/home/corbetre/public_html/images white-graham.jpg
101.12.09 15:40 B D:\A WEB SITE\images\white-inside.jpg --> www.webster.edu /usr/home/corbetre/public_html/images white-inside.jpg
101.12.31 18:57 B D:\A WEB SITE\images\class13b.jpg --> www.webster.edu /usr/home/corbetre/public_html/images class13b.jpg
102.01.03 12:14 A D:\A WEB SITE\images\class13b.jpg --> www.webster.edu /usr/home/corbetre/public_html/images class13b.jpg
102.01.03 20:05 B D:\A WEB SITE\images\class13b.jpg --> www.webster.edu /usr/home/corbetre/public_html/images class13b.jpg
102.01.03 21:03 B D:\A WEB SITE\images\class13c.jpg --> www.webster.edu /usr/home/corbetre/public_html/images class13c.jpg
102.01.09 20:51 B D:\A WEB SITE\images\class2001a.jpg --> www.webster.edu /usr/home/corbetre/public_html/images class2001a.jpg
102.01.12 20:03 B D:\A WEB SITE\images\dewey-65g.jpg --> www.webster.edu /usr/home/corbetre/public_html/images dewey-65g.jpg
102.01.19 17:18 B D:\A WEB SITE\images\Class40a.gif --> www.webster.edu /usr/home/corbetre/public_html/images Class40a.gif
102.01.19 19:04 B D:\A WEB SITE\images\class56-5tha.jpg --> www.webster.edu /usr/home/corbetre/public_html/images class56-5tha.jpg
102.01.19 19:11 B D:\A WEB SITE\images\class40a.gif --> www.webster.edu /usr/home/corbetre/public_html/images class40a.gif
102.01.21 10:30 B D:\A WEB SITE\images\pj-test28.jpg --> www.webster.edu /usr/home/corbetre/public_html/images pj-test28.jpg
102.01.21 10:31 B D:\A WEB SITE\images\pj-test65.jpg --> www.webster.edu /usr/home/corbetre/public_html/images pj-test65.jpg
102.01.21 10:32 B D:\A WEB SITE\images\pj-test78.jpg --> www.webster.edu /usr/home/corbetre/public_html/images pj-test78.jpg
102.01.25 13:39 B D:\A WEB SITE\images\class60-1-grad.jpg --> www.webster.edu /usr/home/corbetre/public_html/images class60-1-grad.jpg
102.01.25 13:41 B D:\A WEB SITE\images\class60-1st.jpg --> www.webster.edu /usr/home/corbetre/public_html/images class60-1st.jpg
102.01.25 13:42 B D:\A WEB SITE\images\class60a.jpg --> www.webster.edu /usr/home/corbetre/public_html/images class60a.jpg
102.01.26 09:09 B D:\A WEB SITE\images\class60a.jpg --> www.webster.edu /usr/home/corbetre/public_html/images class60a.jpg
2002.01.29 21:05 B C:\Documents and Settings\Bob Corbett\My Documents\A WEB SITE\images\pj-11a.jpg --> www.webster.edu /usr/home/corbetre/public_html/images pj-11a.jpg
2002.01.29 21:05 B C:\Documents and Settings\Bob Corbett\My Documents\A WEB SITE\images\pj-11b.jpg --> www.webster.edu /usr/home/corbetre/public_html/images pj-11b.jpg
2002.01.29 21:05 B C:\Documents and Settings\Bob Corbett\My Documents\A WEB SITE\images\pj-12a.jpg --> www.webster.edu /usr/home/corbetre/public_html/images pj-12a.jpg
2002.01.29 21:06 B C:\Documents and Settings\Bob Corbett\My Documents\A WEB SITE\images\pj-12b.jpg --> www.webster.edu /usr/home/corbetre/public_html/images pj-12b.jpg
2002.01.29 21:06 B C:\Documents and Settings\Bob Corbett\My Documents\A WEB SITE\images\pj-15.jpg --> www.webster.edu /usr/home/corbetre/public_html/images pj-15.jpg
2002.01.29 21:07 B C:\Documents and Settings\Bob Corbett\My Documents\A WEB SITE\images\pj-15a.jpg --> www.webster.edu /usr/home/corbetre/public_html/images pj-15a.jpg
2002.01.29 21:07 B C:\Documents and Settings\Bob Corbett\My Documents\A WEB SITE\images\pj-15c.jpg --> www.webster.edu /usr/home/corbetre/public_html/images pj-15c.jpg
2002.01.29 21:07 B C:\Documents and Settings\Bob Corbett\My Documents\A WEB SITE\images\pj-17.jpg --> www.webster.edu /usr/home/corbetre/public_html/images pj-17.jpg
2002.01.29 21:08 B C:\Documents and Settings\Bob Corbett\My Documents\A WEB SITE\images\pj-19.jpg --> www.webster.edu /usr/home/corbetre/public_html/images pj-19.jpg
2002.01.29 21:08 B C:\Documents and Settings\Bob Corbett\My Documents\A WEB SITE\images\pj-21.jpg --> www.webster.edu /usr/home/corbetre/public_html/images pj-21.jpg
2002.01.29 21:08 B C:\Documents and Settings\Bob Corbett\My Documents\A WEB SITE\images\pj-22.jpg --> www.webster.edu /usr/home/corbetre/public_html/images pj-22.jpg
2002.01.29 21:08 B C:\Documents and Settings\Bob Corbett\My Documents\A WEB SITE\images\pj-24.jpg --> www.webster.edu /usr/home/corbetre/public_html/images pj-24.jpg
2002.01.29 21:08 B C:\Documents and Settings\Bob Corbett\My Documents\A WEB SITE\images\pj-26.jpg --> www.webster.edu /usr/home/corbetre/public_html/images pj-26.jpg
2002.01.29 21:08 B C:\Documents and Settings\Bob Corbett\My Documents\A WEB SITE\images\pj-30.jpg --> www.webster.edu /usr/home/corbetre/public_html/images pj-30.jpg
2002.01.29 21:08 B C:\Documents and Settings\Bob Corbett\My Documents\A WEB SITE\images\pj-32a.jpg --> www.webster.edu /usr/home/corbetre/public_html/images pj-32a.jpg
2002.01.29 21:09 B C:\Documents and Settings\Bob Corbett\My Documents\A WEB SITE\images\pj-32b.jpg --> www.webster.edu /usr/home/corbetre/public_html/images pj-32b.jpg
2002.01.29 21:09 B C:\Documents and Settings\Bob Corbett\My Documents\A WEB SITE\images\pj-33.jpg --> www.webster.edu /usr/home/corbetre/public_html/images pj-33.jpg
2002.01.29 21:09 B C:\Documents and Settings\Bob Corbett\My Documents\A WEB SITE\images\pj-35a1.jpg --> www.webster.edu /usr/home/corbetre/public_html/images pj-35a1.jpg
2002.01.29 21:09 B C:\Documents and Settings\Bob Corbett\My Documents\A WEB SITE\images\pj-35b.jpg --> www.webster.edu /usr/home/corbetre/public_html/images pj-35b.jpg
2002.01.29 21:09 B C:\Documents and Settings\Bob Corbett\My Documents\A WEB SITE\images\pj-36a.jpg --> www.webster.edu /usr/home/corbetre/public_html/images pj-36a.jpg
2002.01.29 21:09 B C:\Documents and Settings\Bob Corbett\My Documents\A WEB SITE\images\pj-36b.jpg --> www.webster.edu /usr/home/corbetre/public_html/images pj-36b.jpg
2002.01.29 21:09 B C:\Documents and Settings\Bob Corbett\My Documents\A WEB SITE\images\pj-37.jpg --> www.webster.edu /usr/home/corbetre/public_html/images pj-37.jpg
2002.01.29 21:10 B C:\Documents and Settings\Bob Corbett\My Documents\A WEB SITE\images\pj-37e.jpg --> www.webster.edu /usr/home/corbetre/public_html/images pj-37e.jpg
2002.01.29 21:10 B C:\Documents and Settings\Bob Corbett\My Documents\A WEB SITE\images\pj-41.jpg --> www.webster.edu /usr/home/corbetre/public_html/images pj-41.jpg
2002.01.29 21:10 B C:\Documents and Settings\Bob Corbett\My Documents\A WEB SITE\images\pj-43.jpg --> www.webster.edu /usr/home/corbetre/public_html/images pj-43.jpg
2002.01.29 21:10 B C:\Documents and Settings\Bob Corbett\My Documents\A WEB SITE\images\pj-45.jpg --> www.webster.edu /usr/home/corbetre/public_html/images pj-45.jpg
2002.01.29 21:11 B C:\Documents and Settings\Bob Corbett\My Documents\A WEB SITE\images\pj-50.jpg --> www.webster.edu /usr/home/corbetre/public_html/images pj-50.jpg
2002.01.29 21:11 B C:\Documents and Settings\Bob Corbett\My Documents\A WEB SITE\images\pj-51.jpg --> www.webster.edu /usr/home/corbetre/public_html/images pj-51.jpg
2002.01.29 21:12 B C:\Documents and Settings\Bob Corbett\My Documents\A WEB SITE\images\pj-53.jpg --> www.webster.edu /usr/home/corbetre/public_html/images pj-53.jpg
2002.01.29 21:12 B C:\Documents and Settings\Bob Corbett\My Documents\A WEB SITE\images\pj-54.jpg --> www.webster.edu /usr/home/corbetre/public_html/images pj-54.jpg
2002.01.29 21:12 B C:\Documents and Settings\Bob Corbett\My Documents\A WEB SITE\images\pj-56a.jpg --> www.webster.edu /usr/home/corbetre/public_html/images pj-56a.jpg
2002.01.29 21:12 B C:\Documents and Settings\Bob Corbett\My Documents\A WEB SITE\images\pj-56b.jpg --> www.webster.edu /usr/home/corbetre/public_html/images pj-56b.jpg
2002.01.29 21:12 B C:\Documents and Settings\Bob Corbett\My Documents\A WEB SITE\images\pj-56c.jpg --> www.webster.edu /usr/home/corbetre/public_html/images pj-56c.jpg
2002.01.29 21:12 B C:\Documents and Settings\Bob Corbett\My Documents\A WEB SITE\images\pj-57a.jpg --> www.webster.edu /usr/home/corbetre/public_html/images pj-57a.jpg
2002.01.29 21:13 B C:\Documents and Settings\Bob Corbett\My Documents\A WEB SITE\images\pj-57b.jpg --> www.webster.edu /usr/home/corbetre/public_html/images pj-57b.jpg
2002.01.29 21:13 B C:\Documents and Settings\Bob Corbett\My Documents\A WEB SITE\images\pj-57c.jpg --> www.webster.edu /usr/home/corbetre/public_html/images pj-57c.jpg
2002.01.29 21:13 B C:\Documents and Settings\Bob Corbett\My Documents\A WEB SITE\images\pj-58.jpg --> www.webster.edu /usr/home/corbetre/public_html/images pj-58.jpg
2002.01.29 21:14 B C:\Documents and Settings\Bob Corbett\My Documents\A WEB SITE\images\pj-59a.jpg --> www.webster.edu /usr/home/corbetre/public_html/images pj-59a.jpg
2002.01.29 21:14 B C:\Documents and Settings\Bob Corbett\My Documents\A WEB SITE\images\pj-60.jpg --> www.webster.edu /usr/home/corbetre/public_html/images pj-60.jpg
2002.01.29 21:15 B C:\Documents and Settings\Bob Corbett\My Documents\A WEB SITE\images\pj-61.jpg --> www.webster.edu /usr/home/corbetre/public_html/images pj-61.jpg
2002.01.29 21:15 B C:\Documents and Settings\Bob Corbett\My Documents\A WEB SITE\images\pj-62.jpg --> www.webster.edu /usr/home/corbetre/public_html/images pj-62.jpg
2002.01.29 21:17 B C:\Documents and Settings\Bob Corbett\My Documents\A WEB SITE\images\pj-63a.jpg --> www.webster.edu /usr/home/corbetre/public_html/images pj-63a.jpg
2002.01.29 21:18 B C:\Documents and Settings\Bob Corbett\My Documents\A WEB SITE\images\pj-63b.jpg --> www.webster.edu /usr/home/corbetre/public_html/images pj-63b.jpg
2002.01.29 21:19 B C:\Documents and Settings\Bob Corbett\My Documents\A WEB SITE\images\pj-64.jpg --> www.webster.edu /usr/home/corbetre/public_html/images pj-64.jpg
2002.01.29 21:19 B C:\Documents and Settings\Bob Corbett\My Documents\A WEB SITE\images\pj-65a.jpg --> www.webster.edu /usr/home/corbetre/public_html/images pj-65a.jpg
2002.01.29 21:19 B C:\Documents and Settings\Bob Corbett\My Documents\A WEB SITE\images\pj-65b.jpg --> www.webster.edu /usr/home/corbetre/public_html/images pj-65b.jpg
2002.01.29 21:19 B C:\Documents and Settings\Bob Corbett\My Documents\A WEB SITE\images\pj-65c.jpg --> www.webster.edu /usr/home/corbetre/public_html/images pj-65c.jpg
2002.01.29 21:19 B C:\Documents and Settings\Bob Corbett\My Documents\A WEB SITE\images\pj-66.jpg --> www.webster.edu /usr/home/corbetre/public_html/images pj-66.jpg
2002.01.29 21:20 B C:\Documents and Settings\Bob Corbett\My Documents\A WEB SITE\images\pj-67a.jpg --> www.webster.edu /usr/home/corbetre/public_html/images pj-67a.jpg
2002.01.29 21:20 B C:\Documents and Settings\Bob Corbett\My Documents\A WEB SITE\images\pj-68.jpg --> www.webster.edu /usr/home/corbetre/public_html/images pj-68.jpg
2002.01.29 21:21 B C:\Documents and Settings\Bob Corbett\My Documents\A WEB SITE\images\pj-70a.jpg --> www.webster.edu /usr/home/corbetre/public_html/images pj-70a.jpg
2002.01.29 21:21 B C:\Documents and Settings\Bob Corbett\My Documents\A WEB SITE\images\pj-70b.jpg --> www.webster.edu /usr/home/corbetre/public_html/images pj-70b.jpg
2002.01.29 21:21 B C:\Documents and Settings\Bob Corbett\My Documents\A WEB SITE\images\pj-71.jpg --> www.webster.edu /usr/home/corbetre/public_html/images pj-71.jpg
2002.01.29 21:21 B C:\Documents and Settings\Bob Corbett\My Documents\A WEB SITE\images\pj-72.jpg --> www.webster.edu /usr/home/corbetre/public_html/images pj-72.jpg
2002.01.29 21:21 B C:\Documents and Settings\Bob Corbett\My Documents\A WEB SITE\images\pj-73.jpg --> www.webster.edu /usr/home/corbetre/public_html/images pj-73.jpg
2002.01.29 21:21 B C:\Documents and Settings\Bob Corbett\My Documents\A WEB SITE\images\pj-75.jpg --> www.webster.edu /usr/home/corbetre/public_html/images pj-75.jpg
2002.01.29 21:21 B C:\Documents and Settings\Bob Corbett\My Documents\A WEB SITE\images\pj-79.jpg --> www.webster.edu /usr/home/corbetre/public_html/images pj-79.jpg
2002.01.29 21:22 B C:\Documents and Settings\Bob Corbett\My Documents\A WEB SITE\images\pj-81a.jpg --> www.webster.edu /usr/home/corbetre/public_html/images pj-81a.jpg
2002.01.29 21:22 B C:\Documents and Settings\Bob Corbett\My Documents\A WEB SITE\images\pj-82a.jpg --> www.webster.edu /usr/home/corbetre/public_html/images pj-82a.jpg
2002.01.29 21:22 B C:\Documents and Settings\Bob Corbett\My Documents\A WEB SITE\images\pj-82b.jpg --> www.webster.edu /usr/home/corbetre/public_html/images pj-82b.jpg
2002.01.29 21:22 B C:\Documents and Settings\Bob Corbett\My Documents\A WEB SITE\images\pj-83.jpg --> www.webster.edu /usr/home/corbetre/public_html/images pj-83.jpg
2002.01.29 21:23 B C:\Documents and Settings\Bob Corbett\My Documents\A WEB SITE\images\pj-84a.jpg --> www.webster.edu /usr/home/corbetre/public_html/images pj-84a.jpg
2002.01.29 21:23 B C:\Documents and Settings\Bob Corbett\My Documents\A WEB SITE\images\pj-84b.jpg --> www.webster.edu /usr/home/corbetre/public_html/images pj-84b.jpg
2002.01.29 21:23 B C:\Documents and Settings\Bob Corbett\My Documents\A WEB SITE\images\pj-85a1.jpg --> www.webster.edu /usr/home/corbetre/public_html/images pj-85a1.jpg
2002.01.29 21:24 B C:\Documents and Settings\Bob Corbett\My Documents\A WEB SITE\images\pj-85b1.jpg --> www.webster.edu /usr/home/corbetre/public_html/images pj-85b1.jpg
2002.01.29 21:25 B C:\Documents and Settings\Bob Corbett\My Documents\A WEB SITE\images\pj-86.jpg --> www.webster.edu /usr/home/corbetre/public_html/images pj-86.jpg
2002.01.29 21:25 B C:\Documents and Settings\Bob Corbett\My Documents\A WEB SITE\images\pj-87.jpg --> www.webster.edu /usr/home/corbetre/public_html/images pj-87.jpg
2002.01.29 21:25 B C:\Documents and Settings\Bob Corbett\My Documents\A WEB SITE\images\pj-90.jpg --> www.webster.edu /usr/home/corbetre/public_html/images pj-90.jpg
2002.01.29 21:26 B C:\Documents and Settings\Bob Corbett\My Documents\A WEB SITE\images\pj-91.jpg --> www.webster.edu /usr/home/corbetre/public_html/images pj-91.jpg
2002.01.29 21:26 B C:\Documents and Settings\Bob Corbett\My Documents\A WEB SITE\images\pj-92.jpg --> www.webster.edu /usr/home/corbetre/public_html/images pj-92.jpg
2002.01.29 21:28 B C:\Documents and Settings\Bob Corbett\My Documents\A WEB SITE\images\pj34a.jpg --> www.webster.edu /usr/home/corbetre/public_html/images pj34a.jpg
2002.01.29 21:28 B C:\Documents and Settings\Bob Corbett\My Documents\A WEB SITE\images\pj34b.jpg --> www.webster.edu /usr/home/corbetre/public_html/images pj34b.jpg
2002.01.29 21:29 B C:\Documents and Settings\Bob Corbett\My Documents\A WEB SITE\images\pj46a.jpg --> www.webster.edu /usr/home/corbetre/public_html/images pj46a.jpg
