99.09.25 17:24 A E:\public_html\dogtown\sports\softball.html --> www.webster.edu /usr/home/corbetre/public_html/dogtown/sports softball.html
99.09.25 17:24 A E:\public_html\dogtown\sports\sports.html --> www.webster.edu /usr/home/corbetre/public_html/dogtown/sports sports.html
99.09.25 17:24 A E:\public_html\dogtown\sports\sunshine.html --> www.webster.edu /usr/home/corbetre/public_html/dogtown/sports sunshine.html
99.09.27 08:12 A E:\public_html\dogtown\sports\sports.html --> www.webster.edu /usr/home/corbetre/public_html/dogtown/sports sports.html
99.09.27 08:12 A E:\public_html\dogtown\sports\sunshine.html --> www.webster.edu /usr/home/corbetre/public_html/dogtown/sports sunshine.html
99.10.02 17:43 A E:\public_html\dogtown\sports\sports.html --> www.webster.edu /usr/home/corbetre/public_html/dogtown/sports sports.html
99.10.02 17:43 A E:\public_html\dogtown\sports\33soccer.html --> www.webster.edu /usr/home/corbetre/public_html/dogtown/sports 33soccer.html
99.10.11 18:51 A E:\public_html\dogtown\sports\sunshine.html --> www.webster.edu /usr/home/corbetre/public_html/dogtown/sports sunshine.html
99.10.12 00:41 A E:\public_html\dogtown\sports\sports.html --> www.webster.edu /usr/home/corbetre/public_html/dogtown/sports sports.html
99.10.12 00:41 A E:\public_html\dogtown\sports\49soccer.html --> www.webster.edu /usr/home/corbetre/public_html/dogtown/sports 49soccer.html
99.10.12 00:41 A E:\public_html\dogtown\sports\33soccer.html --> www.webster.edu /usr/home/corbetre/public_html/dogtown 33soccer.html
100.03.11 14:28 A E:\public_html\dogtown\sports\sports.html --> www.webster.edu /usr/home/corbetre/public_html/dogtown/sports sports.html
100.03.11 14:28 A E:\public_html\dogtown\sports\golf-53.html --> www.webster.edu /usr/home/corbetre/public_html/dogtown/sports golf-53.html
100.05.19 11:39 A E:\public_html\dogtown\sports\sports.html --> www.webster.edu /usr/home/corbetre/public_html/dogtown/sports sports.html
100.06.03 22:04 A E:\public_html\dogtown\sports\sports.html --> www.webster.edu /usr/home/corbetre/public_html/dogtown/sports sports.html
100.06.03 22:04 A E:\public_html\dogtown\sports\soccer-oakland.html --> www.webster.edu /usr/home/corbetre/public_html/dogtown/sports soccer-oakland.html
100.06.03 22:04 A E:\public_html\dogtown\sports\soccer-yawitz.html --> www.webster.edu /usr/home/corbetre/public_html/dogtown/sports soccer-yawitz.html
100.07.01 00:15 A D:\A WEB SITE\dogtown\sports\33soccer.html --> www.webster.edu /usr/home/corbetre/public_html/dogtown/sports 33soccer.html
100.07.01 00:16 A D:\A WEB SITE\dogtown\sports\softball.html --> www.webster.edu /usr/home/corbetre/public_html/dogtown/sports softball.html
100.09.03 11:06 A D:\A WEB SITE\dogtown\sports\baseball-25.html --> www.webster.edu /usr/home/corbetre/public_html/dogtown/sports baseball-25.html
100.09.03 11:09 A D:\A WEB SITE\dogtown\sports\sports.html --> www.webster.edu /usr/home/corbetre/public_html/dogtown/sports sports.html
100.10.06 20:55 A D:\A WEB SITE\dogtown\sports\sports.html --> www.webster.edu /usr/home/corbetre/public_html/dogtown/sports sports.html
100.10.06 20:55 A D:\A WEB SITE\dogtown\sports\hense.html --> www.webster.edu /usr/home/corbetre/public_html/dogtown/sports hense.html
100.10.06 20:55 A D:\A WEB SITE\dogtown\sports\dolan.html --> www.webster.edu /usr/home/corbetre/public_html/dogtown/sports dolan.html
100.10.21 12:34 A D:\A WEB SITE\dogtown\sports\sports.html --> www.webster.edu /usr/home/corbetre/public_html/dogtown/sports sports.html
100.12.26 18:41 A D:\A WEB SITE\dogtown\sports\sports.html --> www.webster.edu /usr/home/corbetre/public_html/dogtown/sports sports.html
100.12.26 18:41 A D:\A WEB SITE\dogtown\sports\track.html --> www.webster.edu /usr/home/corbetre/public_html/dogtown/sports track.html
100.12.26 18:44 A D:\A WEB SITE\dogtown\sports\track.html --> www.webster.edu /usr/home/corbetre/public_html/dogtown/sports track.html
100.12.27 10:28 A D:\A WEB SITE\dogtown\sports\track.html --> www.webster.edu /usr/home/corbetre/public_html/dogtown/sports track.html
101.05.23 23:06 A D:\A WEB SITE\dogtown\sports\family.html --> www.webster.edu /usr/home/corbetre/public_html/dogtown/sports family.html
101.05.23 23:06 A D:\A WEB SITE\dogtown\sports\hense.html --> www.webster.edu /usr/home/corbetre/public_html/dogtown/sports hense.html
101.05.25 07:51 B D:\A WEB SITE\dogtown\sports\hense.html --> www.webster.edu /usr/home/corbetre/public_html/dogtown/sports hense.html
101.07.08 10:09 A D:\A WEB SITE\dogtown\sports\49soccer.html --> www.webster.edu /usr/home/corbetre/public_html/dogtown/sports 49soccer.html
101.08.28 12:01 B D:\A WEB SITE\dogtown\sports\softball.html --> www.webster.edu /usr/home/corbetre/public_html/dogtown/sports softball.html
101.08.28 12:02 A D:\A WEB SITE\dogtown\sports\softball.html --> www.webster.edu /usr/home/corbetre/public_html/dogtown/sports softball.html
101.09.01 13:33 A D:\A WEB SITE\dogtown\sports\bottle-inn-bowl.html --> www.webster.edu /usr/home/corbetre/public_html/dogtown/sports bottle-inn-bowl.html
101.09.01 13:34 A D:\A WEB SITE\dogtown\sports\sports.html --> www.webster.edu /usr/home/corbetre/public_html/dogtown/sports sports.html
101.12.09 13:43 A D:\A WEB SITE\dogtown\sports\golf-53.html --> www.webster.edu /usr/home/corbetre/public_html/dogtown/sports golf-53.html
101.12.30 10:54 A D:\A WEB SITE\dogtown\sports\49soccer.html --> www.webster.edu /usr/home/corbetre/public_html/dogtown/sports 49soccer.html
101.12.30 10:54 A D:\A WEB SITE\dogtown\sports\golf-53.html --> www.webster.edu /usr/home/corbetre/public_html/dogtown/sports golf-53.html
101.12.30 10:54 A D:\A WEB SITE\dogtown\sports\sports.html --> www.webster.edu /usr/home/corbetre/public_html/dogtown/sports sports.html
