100.03.18 18:33 A E:\public_html\dogtown\parade\biblio-author.html --> www.webster.edu /usr/home/corbetre/public_html/dogtown/parade biblio-author.html
100.03.18 18:33 A E:\public_html\dogtown\parade\biblio-date.html --> www.webster.edu /usr/home/corbetre/public_html/dogtown/parade biblio-date.html
100.03.18 18:33 A E:\public_html\dogtown\parade\chart.html --> www.webster.edu /usr/home/corbetre/public_html/dogtown/parade chart.html
100.03.18 18:33 A E:\public_html\dogtown\parade\parade-hist.html --> www.webster.edu /usr/home/corbetre/public_html/dogtown/parade parade-hist.html
100.03.18 18:33 A E:\public_html\dogtown\parade\parade.html --> www.webster.edu /usr/home/corbetre/public_html/dogtown/parade parade.html
100.03.30 18:27 A E:\public_html\dogtown\parade\chart.html --> www.webster.edu /usr/home/corbetre/public_html/dogtown/parade chart.html
100.03.30 22:01 A E:\public_html\dogtown\parade\chart.html --> www.webster.edu /usr/home/corbetre/public_html/dogtown/parade chart.html
100.04.21 13:07 A E:\public_html\dogtown\parade\chart.html --> www.webster.edu /usr/home/corbetre/public_html/dogtown/parade chart.html
100.12.20 17:20 A D:\A WEB SITE\dogtown\parade\parade.html --> www.webster.edu /usr/home/corbetre/public_html/dogtown/parade parade.html
100.12.20 17:30 A D:\A WEB SITE\dogtown\parade\parade.html --> www.webster.edu /usr/home/corbetre/public_html/dogtown/parade parade.html
101.03.09 19:11 A D:\A WEB SITE\dogtown\parade\chart.html --> www.webster.edu /usr/home/corbetre/public_html/dogtown/parade chart.html
101.03.15 10:22 A D:\A WEB SITE\dogtown\parade\chart.html --> www.webster.edu /usr/home/corbetre/public_html/dogtown/parade chart.html
101.03.15 10:22 A D:\A WEB SITE\dogtown\parade\jour-2001.html --> www.webster.edu /usr/home/corbetre/public_html/dogtown/parade jour-2001.html
101.03.15 10:31 A D:\A WEB SITE\dogtown\parade\chart.html --> www.webster.edu /usr/home/corbetre/public_html/dogtown/parade chart.html
101.03.16 09:11 A D:\A WEB SITE\dogtown\parade\jour-2001.html --> www.webster.edu /usr/home/corbetre/public_html/dogtown/parade jour-2001.html
101.03.23 10:05 B D:\A WEB SITE\dogtown\parade\jour-2001.html --> www.webster.edu /usr/home/corbetre/public_html/dogtown/parade jour-2001.html
101.03.23 10:05 A D:\A WEB SITE\dogtown\parade\jour-2001.html --> www.webster.edu /usr/home/corbetre/public_html/dogtown/parade jour-2001.html
101.11.26 10:54 A D:\A WEB SITE\dogtown\parade\chart.html --> www.webster.edu /usr/home/corbetre/public_html/dogtown/parade chart.html
101.11.27 08:19 A D:\A WEB SITE\dogtown\parade\chart.html --> www.webster.edu /usr/home/corbetre/public_html/dogtown/parade chart.html
102.01.10 16:44 A D:\A WEB SITE\dogtown\parade\chart.html --> www.webster.edu /usr/home/corbetre/public_html/dogtown/parade chart.html
2002.02.22 07:37 A C:\Documents and Settings\Bob Corbett\My Documents\A WEB SITE\dogtown\parade\chart.html --> www.webster.edu /usr/home/corbetre/public_html/dogtown/parade chart.html
